🚀 Starting RWA Platform JSON API service...
📋 Configuration:
   - Using config: config/json-api-production.conf
   - Ledger Host: localhost (TLS enabled)
   - Ledger Port: 5011
   - HTTP Port: 7575
   - JWT Authentication: Enabled
   - PostgreSQL Query Store: Enabled

2025-08-24 16:43:52.453 [main] INFO  com.daml.http.Main - Config(ledgerHost=localhost, ledgerPort=5011, address=127.0.0.1, httpPort=7575, https=None, portFile=None, packageReloadInterval=5 seconds, packageMaxInboundMessageSize=None, maxInboundMessageSize=4194304, tlsConfig=TlsConfiguration(true,Some(config/tls/admin-client.crt),Some(config/tls/admin-client.key),Some(config/tls/root-ca.crt),None,REQUIRE,false,None), jdbcConfig=Some(JdbcConfig(driver=org.postgresql.Driver, url=jdbc:postgresql://localhost:5432/json_api_store?sslmode=require, user=json_api, start-mode=CreateAndStart)), staticContentConfig=None, authConfig=Some(AuthConfig(targetScope=Some(daml_ledger_api))), allowNonHttps=false, wsConfig=None, nonRepudiationCertificateFile=None, nonRepudiationPrivateKeyFile=None, nonRepudiationPrivateKeyAlgorithm=None, surrogateTpIdCacheMaxEntries=None), context: {instance_uuid: "784b88de-ea26-4b76-acb3-e0ab6ab147c1"} 
2025-08-24 16:43:53.070 [http-json-ledger-api-pekko.actor.default-dispatcher-7] INFO  com.zaxxer.hikari.HikariDataSource - HikariPool-1 - Starting... 
2025-08-24 16:43:53.499 [http-json-ledger-api-pekko.actor.default-dispatcher-7] INFO  com.zaxxer.hikari.HikariDataSource - HikariPool-1 - Start completed. 
2025-08-24 16:43:53.666 [http-json-ledger-api-pekko.actor.default-dispatcher-8] INFO  com.daml.http.DbStartupOps - Creating DB schema, version 4, context: {instance_uuid: "784b88de-ea26-4b76-acb3-e0ab6ab147c1"} 
2025-08-24 16:43:53.821 [http-json-ledger-api-pekko.actor.default-dispatcher-8] INFO  com.daml.http.DbStartupOps - DB schema created..., context: {instance_uuid: "784b88de-ea26-4b76-acb3-e0ab6ab147c1"} 
2025-08-24 16:43:53.826 [http-json-ledger-api-pekko.actor.default-dispatcher-7] INFO  com.daml.http.HttpService - HTTP Server pre-startup, context: {instance_uuid: "784b88de-ea26-4b76-acb3-e0ab6ab147c1"} 
2025-08-24 16:43:54.299 [http-json-ledger-api-pekko.actor.default-dispatcher-7] INFO  c.d.ledger.api.tls.TlsConfiguration - Client TLS - enabled. 
2025-08-24 16:43:54.300 [http-json-ledger-api-pekko.actor.default-dispatcher-7] INFO  c.d.ledger.api.tls.TlsConfiguration - Client TLS - enabled protocols: TLSv1.3, TLSv1.2. 
2025-08-24 16:43:54.301 [http-json-ledger-api-pekko.actor.default-dispatcher-7] INFO  c.d.ledger.api.tls.TlsConfiguration - Client TLS - enabled cipher suites: TLS_ECDHE_ECDSA_WITH_AES_128_GCM_SHA256, TLS_ECDHE_RSA_WITH_AES_128_GCM_SHA256, TLS_ECDHE_ECDSA_WITH_AES_256_GCM_SHA384, TLS_ECDHE_RSA_WITH_AES_256_GCM_SHA384, TLS_ECDHE_ECDSA_WITH_CHACHA20_POLY1305_SHA256, TLS_ECDHE_RSA_WITH_CHACHA20_POLY1305_SHA256, TLS_AES_128_GCM_SHA256, TLS_AES_256_GCM_SHA384, TLS_CHACHA20_POLY1305_SHA256. 
2025-08-24 16:43:54.303 [http-json-ledger-api-pekko.actor.default-dispatcher-7] INFO  com.daml.http.LedgerClient - Attempting to connect to the ledger localhost:5011 (600 attempts), context: {instance_uuid: "784b88de-ea26-4b76-acb3-e0ab6ab147c1"} 
2025-08-24 16:43:54.631 [http-json-ledger-api-pekko.actor.default-dispatcher-7] INFO  com.daml.http.LedgerClient - Attempt 1/600 succeeded!, context: {instance_uuid: "784b88de-ea26-4b76-acb3-e0ab6ab147c1"} 
2025-08-24 16:43:54.633 [http-json-ledger-api-pekko.actor.default-dispatcher-7] INFO  com.daml.http.LedgerClient - Attempting to connect to the ledger localhost:5011 (600 attempts), context: {instance_uuid: "784b88de-ea26-4b76-acb3-e0ab6ab147c1"} 
2025-08-24 16:43:54.636 [http-json-ledger-api-pekko.actor.default-dispatcher-7] INFO  com.daml.http.LedgerClient - Attempt 1/600 succeeded!, context: {instance_uuid: "784b88de-ea26-4b76-acb3-e0ab6ab147c1"} 
2025-08-24 16:43:54.637 [http-json-ledger-api-pekko.actor.default-dispatcher-7] INFO  com.daml.http.HttpService - contractDao: Some(com.daml.http.dbbackend.ContractDao@27188837), context: {instance_uuid: "784b88de-ea26-4b76-acb3-e0ab6ab147c1"} 
2025-08-24 16:43:55.087 [http-json-ledger-api-pekko.actor.default-dispatcher-7] INFO  com.daml.http.Main - Started server: (ServerBinding(/127.0.0.1:7575),Some(com.daml.http.dbbackend.ContractDao@27188837)), context: {instance_uuid: "784b88de-ea26-4b76-acb3-e0ab6ab147c1"} 
2025-08-24 16:44:19.632 [http-json-ledger-api-pekko.actor.default-dispatcher-5] INFO  com.daml.http.Endpoints - Incoming GET request on http://localhost:7575/v1/query from 127.0.0.1:59292, context: {instance_uuid: "784b88de-ea26-4b76-acb3-e0ab6ab147c1", request_id: "803dd076-7d63-4273-8ddc-20a80d7d4a49"} 
2025-08-24 16:44:19.642 [http-json-ledger-api-pekko.actor.default-dispatcher-7] WARN  com.daml.http.endpoints.RouteSetup - missing HTTPS reverse-proxy request headers; for development launch with --allow-insecure-tokens, context: {instance_uuid: "784b88de-ea26-4b76-acb3-e0ab6ab147c1", request_id: "803dd076-7d63-4273-8ddc-20a80d7d4a49"} 
2025-08-24 16:44:19.927 [http-json-ledger-api-pekko.actor.default-dispatcher-7] INFO  com.daml.http.Endpoints - Responding to client with HTTP 403 Forbidden, context: {instance_uuid: "784b88de-ea26-4b76-acb3-e0ab6ab147c1", request_id: "803dd076-7d63-4273-8ddc-20a80d7d4a49"} 
2025-08-24 16:45:49.137 [http-json-ledger-api-pekko.actor.default-dispatcher-11] INFO  com.daml.http.Endpoints - Incoming GET request on http://localhost:7575/v1/query from 127.0.0.1:45004, context: {instance_uuid: "784b88de-ea26-4b76-acb3-e0ab6ab147c1", request_id: "59740762-4fc1-4c84-bd84-687933acc67f"} 
2025-08-24 16:45:49.138 [http-json-ledger-api-pekko.actor.default-dispatcher-6] WARN  com.daml.http.endpoints.RouteSetup - missing HTTPS reverse-proxy request headers; for development launch with --allow-insecure-tokens, context: {instance_uuid: "784b88de-ea26-4b76-acb3-e0ab6ab147c1", request_id: "59740762-4fc1-4c84-bd84-687933acc67f"} 
2025-08-24 16:45:49.142 [http-json-ledger-api-pekko.actor.default-dispatcher-6] INFO  com.daml.http.Endpoints - Responding to client with HTTP 401 Unauthorized, context: {instance_uuid: "784b88de-ea26-4b76-acb3-e0ab6ab147c1", request_id: "59740762-4fc1-4c84-bd84-687933acc67f"} 
2025-08-24 16:47:05.823 [http-json-ledger-api-pekko.actor.default-dispatcher-13] INFO  com.daml.http.Endpoints - Incoming GET request on http://localhost:7575/v1/query from 127.0.0.1:46904, context: {instance_uuid: "784b88de-ea26-4b76-acb3-e0ab6ab147c1", request_id: "095c7772-a457-4b0e-802e-d6c3d20610af"} 
2025-08-24 16:47:05.824 [http-json-ledger-api-pekko.actor.default-dispatcher-7] WARN  com.daml.http.endpoints.RouteSetup - missing HTTPS reverse-proxy request headers; for development launch with --allow-insecure-tokens, context: {instance_uuid: "784b88de-ea26-4b76-acb3-e0ab6ab147c1", request_id: "095c7772-a457-4b0e-802e-d6c3d20610af"} 
2025-08-24 16:47:05.840 [http-json-ledger-api-pekko.actor.default-dispatcher-7] INFO  com.daml.http.Endpoints - Responding to client with HTTP 403 Forbidden, context: {instance_uuid: "784b88de-ea26-4b76-acb3-e0ab6ab147c1", request_id: "095c7772-a457-4b0e-802e-d6c3d20610af"} 
2025-08-24 16:48:38.099 [http-json-ledger-api-pekko.actor.default-dispatcher-11] INFO  com.daml.http.Endpoints - Incoming POST request on http://localhost:7575/v1/query from 127.0.0.1:48926, context: {instance_uuid: "784b88de-ea26-4b76-acb3-e0ab6ab147c1", request_id: "8006879d-7937-4afa-bb9a-cd4d9293ddb8"} 
2025-08-24 16:48:38.100 [http-json-ledger-api-pekko.actor.default-dispatcher-11] WARN  com.daml.http.endpoints.RouteSetup - missing HTTPS reverse-proxy request headers; for development launch with --allow-insecure-tokens, context: {instance_uuid: "784b88de-ea26-4b76-acb3-e0ab6ab147c1", request_id: "8006879d-7937-4afa-bb9a-cd4d9293ddb8"} 
2025-08-24 16:48:38.116 [http-json-ledger-api-pekko.actor.default-dispatcher-13] INFO  com.daml.http.Endpoints - Responding to client with HTTP 403 Forbidden, context: {instance_uuid: "784b88de-ea26-4b76-acb3-e0ab6ab147c1", request_id: "8006879d-7937-4afa-bb9a-cd4d9293ddb8"} 
[WARN] [08/24/2025 17:38:39.657] [http-json-ledger-api-pekko.actor.default-dispatcher-57] [org.apache.pekko.actor.ActorSystemImpl(http-json-ledger-api)] Illegal header: Illegal 'accept-language' header: Invalid input 'U', expected WSP, CRLF, '-', weight, listSep or 'EOI' (line 1, column 4): en US,en;q=0.9,sv;q=0.8
   ^
2025-08-24 17:54:39.177 [http-json-ledger-api-pekko.actor.default-dispatcher-67] INFO  com.daml.http.Endpoints - Incoming GET request on http://localhost:7575/v1/packages from 127.0.0.1:48150, context: {instance_uuid: "784b88de-ea26-4b76-acb3-e0ab6ab147c1", request_id: "9d28e41b-9e2e-44d3-bb0b-af6c82017c7c"} 
2025-08-24 17:54:39.179 [http-json-ledger-api-pekko.actor.default-dispatcher-67] WARN  com.daml.http.endpoints.RouteSetup - missing HTTPS reverse-proxy request headers; for development launch with --allow-insecure-tokens, context: {instance_uuid: "784b88de-ea26-4b76-acb3-e0ab6ab147c1", request_id: "9d28e41b-9e2e-44d3-bb0b-af6c82017c7c"} 
2025-08-24 17:54:39.190 [http-json-ledger-api-pekko.actor.default-dispatcher-68] ERROR com.daml.http.EndpointsCompanion - Internal server error occured, context: {instance_uuid: "784b88de-ea26-4b76-acb3-e0ab6ab147c1", request_id: "9d28e41b-9e2e-44d3-bb0b-af6c82017c7c"} 
spray.json.DeserializationException: Could not read value for sub
	at spray.json.package$.deserializationError(package.scala:23)
	at com.daml.ledger.api.auth.AuthServiceJWTCodec$.readString(AuthServiceJWTPayload.scala:413)
	at com.daml.ledger.api.auth.AuthServiceJWTCodec$.readScopeBasedToken(AuthServiceJWTPayload.scala:253)
	at com.daml.ledger.api.auth.AuthServiceJWTCodec$.$anonfun$readScopeBasedTokenFromString$3(AuthServiceJWTPayload.scala:270)
	at scala.util.Try$.apply(Try.scala:210)
	at com.daml.ledger.api.auth.AuthServiceJWTCodec$.$anonfun$readScopeBasedTokenFromString$2(AuthServiceJWTPayload.scala:270)
	at scala.util.Success.flatMap(Try.scala:258)
	at com.daml.ledger.api.auth.AuthServiceJWTCodec$.readScopeBasedTokenFromString(AuthServiceJWTPayload.scala:269)
	at com.daml.http.HttpService$.$anonfun$parseScopeJwt$1(HttpService.scala:373)
	at scalaz.$bslash$div.flatMap(Either.scala:134)
	at com.daml.http.EndpointsCompanion$.decodeAndParseJwt(EndpointsCompanion.scala:319)
	at com.daml.http.EndpointsCompanion$.decodeAndParsePayload(EndpointsCompanion.scala:334)
	at com.daml.http.endpoints.RouteSetup.withJwtPayload(RouteSetup.scala:92)
	at com.daml.http.endpoints.RouteSetup.$anonfun$inputAndJwtPayload$1(RouteSetup.scala:102)
	at scalaz.EitherT.$anonfun$flatMap$4(EitherT.scala:93)
	at scalaz.$bslash$div.fold(Either.scala:58)
	at scalaz.EitherT.$anonfun$flatMap$1(EitherT.scala:93)
	at scala.concurrent.Future.$anonfun$flatMap$1(Future.scala:265)
	at org.apache.pekko.http.scaladsl.util.FastFuture$FulfilledFuture.transformWith(FastFuture.scala:45)
	at scala.concurrent.Future.flatMap(Future.scala:263)
	at scala.concurrent.Future.flatMap$(Future.scala:263)
	at org.apache.pekko.http.scaladsl.util.FastFuture$FulfilledFuture.flatMap(FastFuture.scala:85)
	at scalaz.std.FutureInstance.bind(Future.scala:19)
	at scalaz.std.FutureInstance.bind(Future.scala:17)
	at scalaz.EitherT.flatMap(EitherT.scala:93)
	at com.daml.http.endpoints.RouteSetup.inputAndJwtPayload(RouteSetup.scala:102)
	at com.daml.http.Endpoints.extractJwtAndLedgerId(Endpoints.scala:189)
	at com.daml.http.Endpoints.toGetRouteLedgerId(Endpoints.scala:158)
	at com.daml.http.Endpoints.$anonfun$all$52(Endpoints.scala:362)
	at org.apache.pekko.http.scaladsl.server.Directive$.$anonfun$addByNameNullaryApply$2(Directive.scala:184)
	at org.apache.pekko.http.scaladsl.server.ConjunctionMagnet$$anon$2.$anonfun$apply$3(Directive.scala:255)
	at org.apache.pekko.http.scaladsl.server.ConjunctionMagnet$$anon$2.$anonfun$apply$3(Directive.scala:255)
	at org.apache.pekko.http.scaladsl.server.directives.BasicDirectives.$anonfun$mapRouteResultFuture$2(BasicDirectives.scala:71)
	at org.apache.pekko.http.scaladsl.server.directives.BasicDirectives.$anonfun$mapRequestContext$2(BasicDirectives.scala:55)
	at org.apache.pekko.http.scaladsl.server.directives.BasicDirectives.$anonfun$textract$2(BasicDirectives.scala:173)
	at org.apache.pekko.http.scaladsl.server.directives.BasicDirectives.$anonfun$mapRouteResult$2(BasicDirectives.scala:80)
	at org.apache.pekko.http.scaladsl.server.Directive.$anonfun$recover$5(Directive.scala:142)
	at org.apache.pekko.http.scaladsl.util.FastFuture$.flatMap$extension(FastFuture.scala:49)
	at org.apache.pekko.http.scaladsl.server.Directive.$anonfun$recover$2(Directive.scala:141)
	at scala.Function1.$anonfun$andThen$1(Function1.scala:87)
	at org.apache.pekko.http.scaladsl.server.directives.BasicDirectives.$anonfun$mapRequestContext$2(BasicDirectives.scala:55)
	at org.apache.pekko.http.scaladsl.server.directives.BasicDirectives.$anonfun$textract$2(BasicDirectives.scala:173)
	at org.apache.pekko.http.scaladsl.server.RouteConcatenation$RouteWithConcatenation.$anonfun$$tilde$2(RouteConcatenation.scala:58)
	at org.apache.pekko.http.scaladsl.util.FastFuture$.flatMap$extension(FastFuture.scala:49)
	at org.apache.pekko.http.scaladsl.server.RouteConcatenation$RouteWithConcatenation.$anonfun$$tilde$1(RouteConcatenation.scala:55)
	at org.apache.pekko.http.scaladsl.server.RouteConcatenation$RouteWithConcatenation.$anonfun$$tilde$1(RouteConcatenation.scala:55)
	at org.apache.pekko.http.scaladsl.server.directives.BasicDirectives.$anonfun$mapRouteResult$2(BasicDirectives.scala:80)
	at org.apache.pekko.http.scaladsl.server.directives.BasicDirectives.$anonfun$textract$2(BasicDirectives.scala:173)
	at org.apache.pekko.http.scaladsl.server.RouteConcatenation$RouteWithConcatenation.$anonfun$$tilde$2(RouteConcatenation.scala:58)
	at org.apache.pekko.http.scaladsl.util.FastFuture$.flatMap$extension(FastFuture.scala:49)
	at org.apache.pekko.http.scaladsl.server.RouteConcatenation$RouteWithConcatenation.$anonfun$$tilde$1(RouteConcatenation.scala:55)
	at org.apache.pekko.http.scaladsl.server.directives.BasicDirectives.$anonfun$mapRequestContext$2(BasicDirectives.scala:55)
	at org.apache.pekko.http.scaladsl.server.directives.BasicDirectives.$anonfun$textract$2(BasicDirectives.scala:173)
	at org.apache.pekko.http.scaladsl.server.RouteConcatenation$RouteWithConcatenation.$anonfun$$tilde$2(RouteConcatenation.scala:58)
	at org.apache.pekko.http.scaladsl.util.FastFuture$.flatMap$extension(FastFuture.scala:49)
	at org.apache.pekko.http.scaladsl.server.RouteConcatenation$RouteWithConcatenation.$anonfun$$tilde$1(RouteConcatenation.scala:55)
	at org.apache.pekko.http.scaladsl.server.RouteConcatenation$RouteWithConcatenation.$anonfun$$tilde$1(RouteConcatenation.scala:55)
	at org.apache.pekko.http.scaladsl.server.RouteConcatenation$RouteWithConcatenation.$anonfun$$tilde$1(RouteConcatenation.scala:55)
	at org.apache.pekko.http.scaladsl.server.directives.BasicDirectives.$anonfun$textract$2(BasicDirectives.scala:173)
	at org.apache.pekko.http.scaladsl.server.RouteConcatenation$RouteWithConcatenation.$anonfun$$tilde$2(RouteConcatenation.scala:58)
	at org.apache.pekko.http.scaladsl.util.FastFuture$.flatMap$extension(FastFuture.scala:49)
	at org.apache.pekko.http.scaladsl.server.RouteConcatenation$RouteWithConcatenation.$anonfun$$tilde$1(RouteConcatenation.scala:55)
	at org.apache.pekko.http.scaladsl.server.RouteConcatenation$RouteWithConcatenation.$anonfun$$tilde$1(RouteConcatenation.scala:55)
	at com.daml.metrics.pekkohttp.HttpMetricsInterceptor$.$anonfun$rateDurationSizeMetrics$3(HttpMetricsInterceptor.scala:42)
	at com.daml.metrics.api.MetricHandle$Timer.timeFuture(MetricHandle.scala:103)
	at com.daml.metrics.api.MetricHandle$Timer.timeFuture$(MetricHandle.scala:99)
	at com.daml.metrics.api.opentelemetry.OpenTelemetryTimer.timeFuture(OpenTelemetryMetricsFactory.scala:162)
	at com.daml.metrics.pekkohttp.HttpMetricsInterceptor$.$anonfun$rateDurationSizeMetrics$2(HttpMetricsInterceptor.scala:42)
	at org.apache.pekko.http.scaladsl.server.RouteConcatenation$RouteWithConcatenation.$anonfun$$tilde$2(RouteConcatenation.scala:58)
	at org.apache.pekko.http.scaladsl.util.FastFuture$.flatMap$extension(FastFuture.scala:49)
	at org.apache.pekko.http.scaladsl.server.RouteConcatenation$RouteWithConcatenation.$anonfun$$tilde$1(RouteConcatenation.scala:55)
	at org.apache.pekko.http.scaladsl.server.RouteConcatenation$RouteWithConcatenation.$anonfun$$tilde$1(RouteConcatenation.scala:55)
	at org.apache.pekko.http.scaladsl.server.directives.BasicDirectives.$anonfun$mapRouteResultWith$2(BasicDirectives.scala:86)
	at org.apache.pekko.http.scaladsl.server.directives.BasicDirectives.$anonfun$textract$2(BasicDirectives.scala:173)
	at org.apache.pekko.http.scaladsl.server.directives.ExecutionDirectives.$anonfun$handleExceptions$2(ExecutionDirectives.scala:42)
	at org.apache.pekko.http.scaladsl.server.Route$.$anonfun$createAsyncHandler$1(Route.scala:127)
	at org.apache.pekko.stream.impl.fusing.MapAsyncUnordered$$anon$29.onPush(Ops.scala:1462)
	at org.apache.pekko.stream.impl.fusing.GraphInterpreter.processPush(GraphInterpreter.scala:556)
	at org.apache.pekko.stream.impl.fusing.GraphInterpreter.processEvent(GraphInterpreter.scala:507)
	at org.apache.pekko.stream.impl.fusing.GraphInterpreter.execute(GraphInterpreter.scala:401)
	at org.apache.pekko.stream.impl.fusing.GraphInterpreterShell.runBatch(ActorGraphInterpreter.scala:662)
	at org.apache.pekko.stream.impl.fusing.GraphInterpreterShell$AsyncInput.execute(ActorGraphInterpreter.scala:532)
	at org.apache.pekko.stream.impl.fusing.GraphInterpreterShell.processEvent(ActorGraphInterpreter.scala:637)
	at org.apache.pekko.stream.impl.fusing.ActorGraphInterpreter.org$apache$pekko$stream$impl$fusing$ActorGraphInterpreter$$processEvent(ActorGraphInterpreter.scala:813)
	at org.apache.pekko.stream.impl.fusing.ActorGraphInterpreter$$anonfun$receive$1.applyOrElse(ActorGraphInterpreter.scala:831)
	at org.apache.pekko.actor.Actor.aroundReceive(Actor.scala:547)
	at org.apache.pekko.actor.Actor.aroundReceive$(Actor.scala:545)
	at org.apache.pekko.stream.impl.fusing.ActorGraphInterpreter.aroundReceive(ActorGraphInterpreter.scala:729)
	at org.apache.pekko.actor.ActorCell.receiveMessage(ActorCell.scala:590)
	at org.apache.pekko.actor.ActorCell.invoke(ActorCell.scala:557)
	at org.apache.pekko.dispatch.Mailbox.processMailbox(Mailbox.scala:272)
	at org.apache.pekko.dispatch.Mailbox.run(Mailbox.scala:233)
	at org.apache.pekko.dispatch.Mailbox.exec(Mailbox.scala:245)
	at java.base/java.util.concurrent.ForkJoinTask.doExec(ForkJoinTask.java:387)
	at java.base/java.util.concurrent.ForkJoinPool$WorkQueue.topLevelExec(ForkJoinPool.java:1312)
	at java.base/java.util.concurrent.ForkJoinPool.scan(ForkJoinPool.java:1843)
	at java.base/java.util.concurrent.ForkJoinPool.runWorker(ForkJoinPool.java:1808)
	at java.base/java.util.concurrent.ForkJoinWorkerThread.run(ForkJoinWorkerThread.java:188)
2025-08-24 17:54:39.195 [http-json-ledger-api-pekko.actor.default-dispatcher-68] INFO  com.daml.http.Endpoints - Responding to client with HTTP 500 Internal Server Error, context: {instance_uuid: "784b88de-ea26-4b76-acb3-e0ab6ab147c1", request_id: "9d28e41b-9e2e-44d3-bb0b-af6c82017c7c"} 
2025-08-24 17:55:05.199 [http-json-ledger-api-pekko.actor.default-dispatcher-68] INFO  com.daml.http.Endpoints - Incoming GET request on http://localhost:7575/v1/packages from 127.0.0.1:51330, context: {instance_uuid: "784b88de-ea26-4b76-acb3-e0ab6ab147c1", request_id: "f62785af-8d5f-4a7a-9ca6-7212866dc2a0"} 
2025-08-24 17:55:05.200 [http-json-ledger-api-pekko.actor.default-dispatcher-68] WARN  com.daml.http.endpoints.RouteSetup - missing HTTPS reverse-proxy request headers; for development launch with --allow-insecure-tokens, context: {instance_uuid: "784b88de-ea26-4b76-acb3-e0ab6ab147c1", request_id: "f62785af-8d5f-4a7a-9ca6-7212866dc2a0"} 
2025-08-24 17:55:05.202 [http-json-ledger-api-pekko.actor.default-dispatcher-64] ERROR com.daml.http.EndpointsCompanion - Internal server error occured, context: {instance_uuid: "784b88de-ea26-4b76-acb3-e0ab6ab147c1", request_id: "f62785af-8d5f-4a7a-9ca6-7212866dc2a0"} 
spray.json.DeserializationException: Could not read value for sub
	at spray.json.package$.deserializationError(package.scala:23)
	at com.daml.ledger.api.auth.AuthServiceJWTCodec$.readString(AuthServiceJWTPayload.scala:413)
	at com.daml.ledger.api.auth.AuthServiceJWTCodec$.readScopeBasedToken(AuthServiceJWTPayload.scala:253)
	at com.daml.ledger.api.auth.AuthServiceJWTCodec$.$anonfun$readScopeBasedTokenFromString$3(AuthServiceJWTPayload.scala:270)
	at scala.util.Try$.apply(Try.scala:210)
	at com.daml.ledger.api.auth.AuthServiceJWTCodec$.$anonfun$readScopeBasedTokenFromString$2(AuthServiceJWTPayload.scala:270)
	at scala.util.Success.flatMap(Try.scala:258)
	at com.daml.ledger.api.auth.AuthServiceJWTCodec$.readScopeBasedTokenFromString(AuthServiceJWTPayload.scala:269)
	at com.daml.http.HttpService$.$anonfun$parseScopeJwt$1(HttpService.scala:373)
	at scalaz.$bslash$div.flatMap(Either.scala:134)
	at com.daml.http.EndpointsCompanion$.decodeAndParseJwt(EndpointsCompanion.scala:319)
	at com.daml.http.EndpointsCompanion$.decodeAndParsePayload(EndpointsCompanion.scala:334)
	at com.daml.http.endpoints.RouteSetup.withJwtPayload(RouteSetup.scala:92)
	at com.daml.http.endpoints.RouteSetup.$anonfun$inputAndJwtPayload$1(RouteSetup.scala:102)
	at scalaz.EitherT.$anonfun$flatMap$4(EitherT.scala:93)
	at scalaz.$bslash$div.fold(Either.scala:58)
	at scalaz.EitherT.$anonfun$flatMap$1(EitherT.scala:93)
	at scala.concurrent.Future.$anonfun$flatMap$1(Future.scala:265)
	at org.apache.pekko.http.scaladsl.util.FastFuture$FulfilledFuture.transformWith(FastFuture.scala:45)
	at scala.concurrent.Future.flatMap(Future.scala:263)
	at scala.concurrent.Future.flatMap$(Future.scala:263)
	at org.apache.pekko.http.scaladsl.util.FastFuture$FulfilledFuture.flatMap(FastFuture.scala:85)
	at scalaz.std.FutureInstance.bind(Future.scala:19)
	at scalaz.std.FutureInstance.bind(Future.scala:17)
	at scalaz.EitherT.flatMap(EitherT.scala:93)
	at com.daml.http.endpoints.RouteSetup.inputAndJwtPayload(RouteSetup.scala:102)
	at com.daml.http.Endpoints.extractJwtAndLedgerId(Endpoints.scala:189)
	at com.daml.http.Endpoints.toGetRouteLedgerId(Endpoints.scala:158)
	at com.daml.http.Endpoints.$anonfun$all$52(Endpoints.scala:362)
	at org.apache.pekko.http.scaladsl.server.Directive$.$anonfun$addByNameNullaryApply$2(Directive.scala:184)
	at org.apache.pekko.http.scaladsl.server.ConjunctionMagnet$$anon$2.$anonfun$apply$3(Directive.scala:255)
	at org.apache.pekko.http.scaladsl.server.ConjunctionMagnet$$anon$2.$anonfun$apply$3(Directive.scala:255)
	at org.apache.pekko.http.scaladsl.server.directives.BasicDirectives.$anonfun$mapRouteResultFuture$2(BasicDirectives.scala:71)
	at org.apache.pekko.http.scaladsl.server.directives.BasicDirectives.$anonfun$mapRequestContext$2(BasicDirectives.scala:55)
	at org.apache.pekko.http.scaladsl.server.directives.BasicDirectives.$anonfun$textract$2(BasicDirectives.scala:173)
	at org.apache.pekko.http.scaladsl.server.directives.BasicDirectives.$anonfun$mapRouteResult$2(BasicDirectives.scala:80)
	at org.apache.pekko.http.scaladsl.server.Directive.$anonfun$recover$5(Directive.scala:142)
	at org.apache.pekko.http.scaladsl.util.FastFuture$.flatMap$extension(FastFuture.scala:49)
	at org.apache.pekko.http.scaladsl.server.Directive.$anonfun$recover$2(Directive.scala:141)
	at scala.Function1.$anonfun$andThen$1(Function1.scala:87)
	at org.apache.pekko.http.scaladsl.server.directives.BasicDirectives.$anonfun$mapRequestContext$2(BasicDirectives.scala:55)
	at org.apache.pekko.http.scaladsl.server.directives.BasicDirectives.$anonfun$textract$2(BasicDirectives.scala:173)
	at org.apache.pekko.http.scaladsl.server.RouteConcatenation$RouteWithConcatenation.$anonfun$$tilde$2(RouteConcatenation.scala:58)
	at org.apache.pekko.http.scaladsl.util.FastFuture$.flatMap$extension(FastFuture.scala:49)
	at org.apache.pekko.http.scaladsl.server.RouteConcatenation$RouteWithConcatenation.$anonfun$$tilde$1(RouteConcatenation.scala:55)
	at org.apache.pekko.http.scaladsl.server.RouteConcatenation$RouteWithConcatenation.$anonfun$$tilde$1(RouteConcatenation.scala:55)
	at org.apache.pekko.http.scaladsl.server.directives.BasicDirectives.$anonfun$mapRouteResult$2(BasicDirectives.scala:80)
	at org.apache.pekko.http.scaladsl.server.directives.BasicDirectives.$anonfun$textract$2(BasicDirectives.scala:173)
	at org.apache.pekko.http.scaladsl.server.RouteConcatenation$RouteWithConcatenation.$anonfun$$tilde$2(RouteConcatenation.scala:58)
	at org.apache.pekko.http.scaladsl.util.FastFuture$.flatMap$extension(FastFuture.scala:49)
	at org.apache.pekko.http.scaladsl.server.RouteConcatenation$RouteWithConcatenation.$anonfun$$tilde$1(RouteConcatenation.scala:55)
	at org.apache.pekko.http.scaladsl.server.directives.BasicDirectives.$anonfun$mapRequestContext$2(BasicDirectives.scala:55)
	at org.apache.pekko.http.scaladsl.server.directives.BasicDirectives.$anonfun$textract$2(BasicDirectives.scala:173)
	at org.apache.pekko.http.scaladsl.server.RouteConcatenation$RouteWithConcatenation.$anonfun$$tilde$2(RouteConcatenation.scala:58)
	at org.apache.pekko.http.scaladsl.util.FastFuture$.flatMap$extension(FastFuture.scala:49)
	at org.apache.pekko.http.scaladsl.server.RouteConcatenation$RouteWithConcatenation.$anonfun$$tilde$1(RouteConcatenation.scala:55)
	at org.apache.pekko.http.scaladsl.server.RouteConcatenation$RouteWithConcatenation.$anonfun$$tilde$1(RouteConcatenation.scala:55)
	at org.apache.pekko.http.scaladsl.server.RouteConcatenation$RouteWithConcatenation.$anonfun$$tilde$1(RouteConcatenation.scala:55)
	at org.apache.pekko.http.scaladsl.server.directives.BasicDirectives.$anonfun$textract$2(BasicDirectives.scala:173)
	at org.apache.pekko.http.scaladsl.server.RouteConcatenation$RouteWithConcatenation.$anonfun$$tilde$2(RouteConcatenation.scala:58)
	at org.apache.pekko.http.scaladsl.util.FastFuture$.flatMap$extension(FastFuture.scala:49)
	at org.apache.pekko.http.scaladsl.server.RouteConcatenation$RouteWithConcatenation.$anonfun$$tilde$1(RouteConcatenation.scala:55)
	at org.apache.pekko.http.scaladsl.server.RouteConcatenation$RouteWithConcatenation.$anonfun$$tilde$1(RouteConcatenation.scala:55)
	at com.daml.metrics.pekkohttp.HttpMetricsInterceptor$.$anonfun$rateDurationSizeMetrics$3(HttpMetricsInterceptor.scala:42)
	at com.daml.metrics.api.MetricHandle$Timer.timeFuture(MetricHandle.scala:103)
	at com.daml.metrics.api.MetricHandle$Timer.timeFuture$(MetricHandle.scala:99)
	at com.daml.metrics.api.opentelemetry.OpenTelemetryTimer.timeFuture(OpenTelemetryMetricsFactory.scala:162)
	at com.daml.metrics.pekkohttp.HttpMetricsInterceptor$.$anonfun$rateDurationSizeMetrics$2(HttpMetricsInterceptor.scala:42)
	at org.apache.pekko.http.scaladsl.server.RouteConcatenation$RouteWithConcatenation.$anonfun$$tilde$2(RouteConcatenation.scala:58)
	at org.apache.pekko.http.scaladsl.util.FastFuture$.flatMap$extension(FastFuture.scala:49)
	at org.apache.pekko.http.scaladsl.server.RouteConcatenation$RouteWithConcatenation.$anonfun$$tilde$1(RouteConcatenation.scala:55)
	at org.apache.pekko.http.scaladsl.server.RouteConcatenation$RouteWithConcatenation.$anonfun$$tilde$1(RouteConcatenation.scala:55)
	at org.apache.pekko.http.scaladsl.server.directives.BasicDirectives.$anonfun$mapRouteResultWith$2(BasicDirectives.scala:86)
	at org.apache.pekko.http.scaladsl.server.directives.BasicDirectives.$anonfun$textract$2(BasicDirectives.scala:173)
	at org.apache.pekko.http.scaladsl.server.directives.ExecutionDirectives.$anonfun$handleExceptions$2(ExecutionDirectives.scala:42)
	at org.apache.pekko.http.scaladsl.server.Route$.$anonfun$createAsyncHandler$1(Route.scala:127)
	at org.apache.pekko.stream.impl.fusing.MapAsyncUnordered$$anon$29.onPush(Ops.scala:1462)
	at org.apache.pekko.stream.impl.fusing.GraphInterpreter.processPush(GraphInterpreter.scala:556)
	at org.apache.pekko.stream.impl.fusing.GraphInterpreter.processEvent(GraphInterpreter.scala:507)
	at org.apache.pekko.stream.impl.fusing.GraphInterpreter.execute(GraphInterpreter.scala:401)
	at org.apache.pekko.stream.impl.fusing.GraphInterpreterShell.runBatch(ActorGraphInterpreter.scala:662)
	at org.apache.pekko.stream.impl.fusing.GraphInterpreterShell$AsyncInput.execute(ActorGraphInterpreter.scala:532)
	at org.apache.pekko.stream.impl.fusing.GraphInterpreterShell.processEvent(ActorGraphInterpreter.scala:637)
	at org.apache.pekko.stream.impl.fusing.ActorGraphInterpreter.org$apache$pekko$stream$impl$fusing$ActorGraphInterpreter$$processEvent(ActorGraphInterpreter.scala:813)
	at org.apache.pekko.stream.impl.fusing.ActorGraphInterpreter$$anonfun$receive$1.applyOrElse(ActorGraphInterpreter.scala:831)
	at org.apache.pekko.actor.Actor.aroundReceive(Actor.scala:547)
	at org.apache.pekko.actor.Actor.aroundReceive$(Actor.scala:545)
	at org.apache.pekko.stream.impl.fusing.ActorGraphInterpreter.aroundReceive(ActorGraphInterpreter.scala:729)
	at org.apache.pekko.actor.ActorCell.receiveMessage(ActorCell.scala:590)
	at org.apache.pekko.actor.ActorCell.invoke(ActorCell.scala:557)
	at org.apache.pekko.dispatch.Mailbox.processMailbox(Mailbox.scala:272)
	at org.apache.pekko.dispatch.Mailbox.run(Mailbox.scala:233)
	at org.apache.pekko.dispatch.Mailbox.exec(Mailbox.scala:245)
	at java.base/java.util.concurrent.ForkJoinTask.doExec(ForkJoinTask.java:387)
	at java.base/java.util.concurrent.ForkJoinPool$WorkQueue.topLevelExec(ForkJoinPool.java:1312)
	at java.base/java.util.concurrent.ForkJoinPool.scan(ForkJoinPool.java:1843)
	at java.base/java.util.concurrent.ForkJoinPool.runWorker(ForkJoinPool.java:1808)
	at java.base/java.util.concurrent.ForkJoinWorkerThread.run(ForkJoinWorkerThread.java:188)
2025-08-24 17:55:05.203 [http-json-ledger-api-pekko.actor.default-dispatcher-64] INFO  com.daml.http.Endpoints - Responding to client with HTTP 500 Internal Server Error, context: {instance_uuid: "784b88de-ea26-4b76-acb3-e0ab6ab147c1", request_id: "f62785af-8d5f-4a7a-9ca6-7212866dc2a0"} 
2025-08-24 18:10:47.436 [http-json-ledger-api-pekko.actor.default-dispatcher-72] INFO  com.daml.http.Endpoints - Incoming POST request on http://localhost:7575/v1/query from 127.0.0.1:37538, context: {instance_uuid: "784b88de-ea26-4b76-acb3-e0ab6ab147c1", request_id: "143bfe77-4ca4-48b0-9326-55ce2ff48dc0"} 
2025-08-24 18:10:47.436 [http-json-ledger-api-pekko.actor.default-dispatcher-72] WARN  com.daml.http.endpoints.RouteSetup - missing HTTPS reverse-proxy request headers; for development launch with --allow-insecure-tokens, context: {instance_uuid: "784b88de-ea26-4b76-acb3-e0ab6ab147c1", request_id: "143bfe77-4ca4-48b0-9326-55ce2ff48dc0"} 
2025-08-24 18:10:47.439 [http-json-ledger-api-pekko.actor.default-dispatcher-73] ERROR com.daml.http.EndpointsCompanion - Internal server error occured, context: {instance_uuid: "784b88de-ea26-4b76-acb3-e0ab6ab147c1", request_id: "143bfe77-4ca4-48b0-9326-55ce2ff48dc0"} 
spray.json.DeserializationException: Could not read value for sub
	at spray.json.package$.deserializationError(package.scala:23)
	at com.daml.ledger.api.auth.AuthServiceJWTCodec$.readString(AuthServiceJWTPayload.scala:413)
	at com.daml.ledger.api.auth.AuthServiceJWTCodec$.readScopeBasedToken(AuthServiceJWTPayload.scala:253)
	at com.daml.ledger.api.auth.AuthServiceJWTCodec$.$anonfun$readScopeBasedTokenFromString$3(AuthServiceJWTPayload.scala:270)
	at scala.util.Try$.apply(Try.scala:210)
	at com.daml.ledger.api.auth.AuthServiceJWTCodec$.$anonfun$readScopeBasedTokenFromString$2(AuthServiceJWTPayload.scala:270)
	at scala.util.Success.flatMap(Try.scala:258)
	at com.daml.ledger.api.auth.AuthServiceJWTCodec$.readScopeBasedTokenFromString(AuthServiceJWTPayload.scala:269)
	at com.daml.http.HttpService$.$anonfun$parseScopeJwt$1(HttpService.scala:373)
	at scalaz.$bslash$div.flatMap(Either.scala:134)
	at com.daml.http.EndpointsCompanion$.decodeAndParseJwt(EndpointsCompanion.scala:319)
	at com.daml.http.EndpointsCompanion$.decodeAndParsePayload(EndpointsCompanion.scala:334)
	at com.daml.http.endpoints.RouteSetup.withJwtPayload(RouteSetup.scala:92)
	at com.daml.http.endpoints.RouteSetup.$anonfun$inputAndJwtPayload$1(RouteSetup.scala:102)
	at scalaz.EitherT.$anonfun$flatMap$4(EitherT.scala:93)
	at scalaz.$bslash$div.fold(Either.scala:58)
	at scalaz.EitherT.$anonfun$flatMap$1(EitherT.scala:93)
	at scala.concurrent.Future.$anonfun$flatMap$1(Future.scala:265)
	at org.apache.pekko.http.scaladsl.util.FastFuture$FulfilledFuture.transformWith(FastFuture.scala:45)
	at scala.concurrent.Future.flatMap(Future.scala:263)
	at scala.concurrent.Future.flatMap$(Future.scala:263)
	at org.apache.pekko.http.scaladsl.util.FastFuture$FulfilledFuture.flatMap(FastFuture.scala:85)
	at scalaz.std.FutureInstance.bind(Future.scala:19)
	at scalaz.std.FutureInstance.bind(Future.scala:17)
	at scalaz.EitherT.flatMap(EitherT.scala:93)
	at com.daml.http.endpoints.RouteSetup.inputAndJwtPayload(RouteSetup.scala:102)
	at com.daml.http.endpoints.ContractList.query(ContractList.scala:116)
	at com.daml.http.Endpoints.$anonfun$all$18(Endpoints.scala:340)
	at com.daml.http.Endpoints.toRoute(Endpoints.scala:113)
	at com.daml.http.Endpoints.$anonfun$all$17(Endpoints.scala:340)
	at org.apache.pekko.http.scaladsl.server.Directive$.$anonfun$addByNameNullaryApply$2(Directive.scala:184)
	at org.apache.pekko.http.scaladsl.server.ConjunctionMagnet$$anon$2.$anonfun$apply$3(Directive.scala:255)
	at org.apache.pekko.http.scaladsl.server.ConjunctionMagnet$$anon$2.$anonfun$apply$3(Directive.scala:255)
	at org.apache.pekko.http.scaladsl.server.directives.BasicDirectives.$anonfun$mapRouteResultFuture$2(BasicDirectives.scala:71)
	at org.apache.pekko.http.scaladsl.server.directives.BasicDirectives.$anonfun$mapRequestContext$2(BasicDirectives.scala:55)
	at org.apache.pekko.http.scaladsl.server.directives.BasicDirectives.$anonfun$textract$2(BasicDirectives.scala:173)
	at org.apache.pekko.http.scaladsl.server.directives.BasicDirectives.$anonfun$mapRouteResult$2(BasicDirectives.scala:80)
	at org.apache.pekko.http.scaladsl.server.Directive.$anonfun$recover$5(Directive.scala:142)
	at org.apache.pekko.http.scaladsl.util.FastFuture$.flatMap$extension(FastFuture.scala:49)
	at org.apache.pekko.http.scaladsl.server.Directive.$anonfun$recover$2(Directive.scala:141)
	at scala.Function1.$anonfun$andThen$1(Function1.scala:87)
	at org.apache.pekko.http.scaladsl.server.directives.BasicDirectives.$anonfun$mapRequestContext$2(BasicDirectives.scala:55)
	at org.apache.pekko.http.scaladsl.server.directives.BasicDirectives.$anonfun$textract$2(BasicDirectives.scala:173)
	at org.apache.pekko.http.scaladsl.server.RouteConcatenation$RouteWithConcatenation.$anonfun$$tilde$2(RouteConcatenation.scala:58)
	at org.apache.pekko.http.scaladsl.util.FastFuture$.flatMap$extension(FastFuture.scala:49)
	at org.apache.pekko.http.scaladsl.server.RouteConcatenation$RouteWithConcatenation.$anonfun$$tilde$1(RouteConcatenation.scala:55)
	at org.apache.pekko.http.scaladsl.server.RouteConcatenation$RouteWithConcatenation.$anonfun$$tilde$1(RouteConcatenation.scala:55)
	at org.apache.pekko.http.scaladsl.server.RouteConcatenation$RouteWithConcatenation.$anonfun$$tilde$1(RouteConcatenation.scala:55)
	at org.apache.pekko.http.scaladsl.server.RouteConcatenation$RouteWithConcatenation.$anonfun$$tilde$1(RouteConcatenation.scala:55)
	at org.apache.pekko.http.scaladsl.server.RouteConcatenation$RouteWithConcatenation.$anonfun$$tilde$1(RouteConcatenation.scala:55)
	at org.apache.pekko.http.scaladsl.server.RouteConcatenation$RouteWithConcatenation.$anonfun$$tilde$1(RouteConcatenation.scala:55)
	at org.apache.pekko.http.scaladsl.server.RouteConcatenation$RouteWithConcatenation.$anonfun$$tilde$1(RouteConcatenation.scala:55)
	at org.apache.pekko.http.scaladsl.server.RouteConcatenation$RouteWithConcatenation.$anonfun$$tilde$1(RouteConcatenation.scala:55)
	at org.apache.pekko.http.scaladsl.server.RouteConcatenation$RouteWithConcatenation.$anonfun$$tilde$1(RouteConcatenation.scala:55)
	at org.apache.pekko.http.scaladsl.server.RouteConcatenation$RouteWithConcatenation.$anonfun$$tilde$1(RouteConcatenation.scala:55)
	at org.apache.pekko.http.scaladsl.server.RouteConcatenation$RouteWithConcatenation.$anonfun$$tilde$1(RouteConcatenation.scala:55)
	at org.apache.pekko.http.scaladsl.server.RouteConcatenation$RouteWithConcatenation.$anonfun$$tilde$1(RouteConcatenation.scala:55)
	at org.apache.pekko.http.scaladsl.server.directives.BasicDirectives.$anonfun$mapRouteResult$2(BasicDirectives.scala:80)
	at org.apache.pekko.http.scaladsl.server.directives.BasicDirectives.$anonfun$textract$2(BasicDirectives.scala:173)
	at org.apache.pekko.http.scaladsl.server.RouteConcatenation$RouteWithConcatenation.$anonfun$$tilde$2(RouteConcatenation.scala:58)
	at org.apache.pekko.http.scaladsl.util.FastFuture$.flatMap$extension(FastFuture.scala:49)
	at org.apache.pekko.http.scaladsl.server.RouteConcatenation$RouteWithConcatenation.$anonfun$$tilde$1(RouteConcatenation.scala:55)
	at org.apache.pekko.http.scaladsl.server.RouteConcatenation$RouteWithConcatenation.$anonfun$$tilde$1(RouteConcatenation.scala:55)
	at org.apache.pekko.http.scaladsl.server.directives.BasicDirectives.$anonfun$mapRequestContext$2(BasicDirectives.scala:55)
	at org.apache.pekko.http.scaladsl.server.directives.BasicDirectives.$anonfun$textract$2(BasicDirectives.scala:173)
	at org.apache.pekko.http.scaladsl.server.RouteConcatenation$RouteWithConcatenation.$anonfun$$tilde$2(RouteConcatenation.scala:58)
	at org.apache.pekko.http.scaladsl.util.FastFuture$.flatMap$extension(FastFuture.scala:49)
	at org.apache.pekko.http.scaladsl.server.RouteConcatenation$RouteWithConcatenation.$anonfun$$tilde$1(RouteConcatenation.scala:55)
	at org.apache.pekko.http.scaladsl.server.RouteConcatenation$RouteWithConcatenation.$anonfun$$tilde$1(RouteConcatenation.scala:55)
	at org.apache.pekko.http.scaladsl.server.RouteConcatenation$RouteWithConcatenation.$anonfun$$tilde$1(RouteConcatenation.scala:55)
	at org.apache.pekko.http.scaladsl.server.directives.BasicDirectives.$anonfun$textract$2(BasicDirectives.scala:173)
	at org.apache.pekko.http.scaladsl.server.RouteConcatenation$RouteWithConcatenation.$anonfun$$tilde$2(RouteConcatenation.scala:58)
	at org.apache.pekko.http.scaladsl.util.FastFuture$.flatMap$extension(FastFuture.scala:49)
	at org.apache.pekko.http.scaladsl.server.RouteConcatenation$RouteWithConcatenation.$anonfun$$tilde$1(RouteConcatenation.scala:55)
	at org.apache.pekko.http.scaladsl.server.RouteConcatenation$RouteWithConcatenation.$anonfun$$tilde$1(RouteConcatenation.scala:55)
	at com.daml.metrics.pekkohttp.HttpMetricsInterceptor$.$anonfun$rateDurationSizeMetrics$3(HttpMetricsInterceptor.scala:42)
	at com.daml.metrics.api.MetricHandle$Timer.timeFuture(MetricHandle.scala:103)
	at com.daml.metrics.api.MetricHandle$Timer.timeFuture$(MetricHandle.scala:99)
	at com.daml.metrics.api.opentelemetry.OpenTelemetryTimer.timeFuture(OpenTelemetryMetricsFactory.scala:162)
	at com.daml.metrics.pekkohttp.HttpMetricsInterceptor$.$anonfun$rateDurationSizeMetrics$2(HttpMetricsInterceptor.scala:42)
	at org.apache.pekko.http.scaladsl.server.RouteConcatenation$RouteWithConcatenation.$anonfun$$tilde$2(RouteConcatenation.scala:58)
	at org.apache.pekko.http.scaladsl.util.FastFuture$.flatMap$extension(FastFuture.scala:49)
	at org.apache.pekko.http.scaladsl.server.RouteConcatenation$RouteWithConcatenation.$anonfun$$tilde$1(RouteConcatenation.scala:55)
	at org.apache.pekko.http.scaladsl.server.RouteConcatenation$RouteWithConcatenation.$anonfun$$tilde$1(RouteConcatenation.scala:55)
	at org.apache.pekko.http.scaladsl.server.directives.BasicDirectives.$anonfun$mapRouteResultWith$2(BasicDirectives.scala:86)
	at org.apache.pekko.http.scaladsl.server.directives.BasicDirectives.$anonfun$textract$2(BasicDirectives.scala:173)
	at org.apache.pekko.http.scaladsl.server.directives.ExecutionDirectives.$anonfun$handleExceptions$2(ExecutionDirectives.scala:42)
	at org.apache.pekko.http.scaladsl.server.Route$.$anonfun$createAsyncHandler$1(Route.scala:127)
	at org.apache.pekko.stream.impl.fusing.MapAsyncUnordered$$anon$29.onPush(Ops.scala:1462)
	at org.apache.pekko.stream.impl.fusing.GraphInterpreter.processPush(GraphInterpreter.scala:556)
	at org.apache.pekko.stream.impl.fusing.GraphInterpreter.processEvent(GraphInterpreter.scala:507)
	at org.apache.pekko.stream.impl.fusing.GraphInterpreter.execute(GraphInterpreter.scala:401)
	at org.apache.pekko.stream.impl.fusing.GraphInterpreterShell.runBatch(ActorGraphInterpreter.scala:662)
	at org.apache.pekko.stream.impl.fusing.GraphInterpreterShell$AsyncInput.execute(ActorGraphInterpreter.scala:532)
	at org.apache.pekko.stream.impl.fusing.GraphInterpreterShell.processEvent(ActorGraphInterpreter.scala:637)
	at org.apache.pekko.stream.impl.fusing.ActorGraphInterpreter.org$apache$pekko$stream$impl$fusing$ActorGraphInterpreter$$processEvent(ActorGraphInterpreter.scala:813)
	at org.apache.pekko.stream.impl.fusing.ActorGraphInterpreter$$anonfun$receive$1.applyOrElse(ActorGraphInterpreter.scala:831)
	at org.apache.pekko.actor.Actor.aroundReceive(Actor.scala:547)
	at org.apache.pekko.actor.Actor.aroundReceive$(Actor.scala:545)
	at org.apache.pekko.stream.impl.fusing.ActorGraphInterpreter.aroundReceive(ActorGraphInterpreter.scala:729)
	at org.apache.pekko.actor.ActorCell.receiveMessage(ActorCell.scala:590)
	at org.apache.pekko.actor.ActorCell.invoke(ActorCell.scala:557)
	at org.apache.pekko.dispatch.Mailbox.processMailbox(Mailbox.scala:272)
	at org.apache.pekko.dispatch.Mailbox.run(Mailbox.scala:233)
	at org.apache.pekko.dispatch.Mailbox.exec(Mailbox.scala:245)
	at java.base/java.util.concurrent.ForkJoinTask.doExec(ForkJoinTask.java:387)
	at java.base/java.util.concurrent.ForkJoinPool$WorkQueue.topLevelExec(ForkJoinPool.java:1312)
	at java.base/java.util.concurrent.ForkJoinPool.scan(ForkJoinPool.java:1843)
	at java.base/java.util.concurrent.ForkJoinPool.runWorker(ForkJoinPool.java:1808)
	at java.base/java.util.concurrent.ForkJoinWorkerThread.run(ForkJoinWorkerThread.java:188)
2025-08-24 18:10:47.441 [http-json-ledger-api-pekko.actor.default-dispatcher-73] INFO  com.daml.http.Endpoints - Responding to client with HTTP 500 Internal Server Error, context: {instance_uuid: "784b88de-ea26-4b76-acb3-e0ab6ab147c1", request_id: "143bfe77-4ca4-48b0-9326-55ce2ff48dc0"} 
[WARN] [08/24/2025 18:14:48.725] [http-json-ledger-api-pekko.actor.default-dispatcher-77] [org.apache.pekko.actor.ActorSystemImpl(http-json-ledger-api)] Illegal header: Illegal 'accept-language' header: Invalid input 'U', expected WSP, CRLF, '-', weight, listSep or 'EOI' (line 1, column 4): en US,en;q=0.9,sv;q=0.8
   ^
2025-08-24 18:21:48.880 [http-json-ledger-api-pekko.actor.default-dispatcher-82] INFO  com.daml.http.Endpoints - Incoming POST request on http://localhost:7575/v1/query from 127.0.0.1:33706, context: {instance_uuid: "784b88de-ea26-4b76-acb3-e0ab6ab147c1", request_id: "65167970-f115-450a-aa3f-edc0795d6bde"} 
2025-08-24 18:21:48.881 [http-json-ledger-api-pekko.actor.default-dispatcher-82] WARN  com.daml.http.endpoints.RouteSetup - missing HTTPS reverse-proxy request headers; for development launch with --allow-insecure-tokens, context: {instance_uuid: "784b88de-ea26-4b76-acb3-e0ab6ab147c1", request_id: "65167970-f115-450a-aa3f-edc0795d6bde"} 
2025-08-24 18:21:48.884 [http-json-ledger-api-pekko.actor.default-dispatcher-83] ERROR com.daml.http.EndpointsCompanion - Internal server error occured, context: {instance_uuid: "784b88de-ea26-4b76-acb3-e0ab6ab147c1", request_id: "65167970-f115-450a-aa3f-edc0795d6bde"} 
spray.json.DeserializationException: Could not read value for sub
	at spray.json.package$.deserializationError(package.scala:23)
	at com.daml.ledger.api.auth.AuthServiceJWTCodec$.readString(AuthServiceJWTPayload.scala:413)
	at com.daml.ledger.api.auth.AuthServiceJWTCodec$.readScopeBasedToken(AuthServiceJWTPayload.scala:253)
	at com.daml.ledger.api.auth.AuthServiceJWTCodec$.$anonfun$readScopeBasedTokenFromString$3(AuthServiceJWTPayload.scala:270)
	at scala.util.Try$.apply(Try.scala:210)
	at com.daml.ledger.api.auth.AuthServiceJWTCodec$.$anonfun$readScopeBasedTokenFromString$2(AuthServiceJWTPayload.scala:270)
	at scala.util.Success.flatMap(Try.scala:258)
	at com.daml.ledger.api.auth.AuthServiceJWTCodec$.readScopeBasedTokenFromString(AuthServiceJWTPayload.scala:269)
	at com.daml.http.HttpService$.$anonfun$parseScopeJwt$1(HttpService.scala:373)
	at scalaz.$bslash$div.flatMap(Either.scala:134)
	at com.daml.http.EndpointsCompanion$.decodeAndParseJwt(EndpointsCompanion.scala:319)
	at com.daml.http.EndpointsCompanion$.decodeAndParsePayload(EndpointsCompanion.scala:334)
	at com.daml.http.endpoints.RouteSetup.withJwtPayload(RouteSetup.scala:92)
	at com.daml.http.endpoints.RouteSetup.$anonfun$inputAndJwtPayload$1(RouteSetup.scala:102)
	at scalaz.EitherT.$anonfun$flatMap$4(EitherT.scala:93)
	at scalaz.$bslash$div.fold(Either.scala:58)
	at scalaz.EitherT.$anonfun$flatMap$1(EitherT.scala:93)
	at scala.concurrent.Future.$anonfun$flatMap$1(Future.scala:265)
	at org.apache.pekko.http.scaladsl.util.FastFuture$FulfilledFuture.transformWith(FastFuture.scala:45)
	at scala.concurrent.Future.flatMap(Future.scala:263)
	at scala.concurrent.Future.flatMap$(Future.scala:263)
	at org.apache.pekko.http.scaladsl.util.FastFuture$FulfilledFuture.flatMap(FastFuture.scala:85)
	at scalaz.std.FutureInstance.bind(Future.scala:19)
	at scalaz.std.FutureInstance.bind(Future.scala:17)
	at scalaz.EitherT.flatMap(EitherT.scala:93)
	at com.daml.http.endpoints.RouteSetup.inputAndJwtPayload(RouteSetup.scala:102)
	at com.daml.http.endpoints.ContractList.query(ContractList.scala:116)
	at com.daml.http.Endpoints.$anonfun$all$18(Endpoints.scala:340)
	at com.daml.http.Endpoints.toRoute(Endpoints.scala:113)
	at com.daml.http.Endpoints.$anonfun$all$17(Endpoints.scala:340)
	at org.apache.pekko.http.scaladsl.server.Directive$.$anonfun$addByNameNullaryApply$2(Directive.scala:184)
	at org.apache.pekko.http.scaladsl.server.ConjunctionMagnet$$anon$2.$anonfun$apply$3(Directive.scala:255)
	at org.apache.pekko.http.scaladsl.server.ConjunctionMagnet$$anon$2.$anonfun$apply$3(Directive.scala:255)
	at org.apache.pekko.http.scaladsl.server.directives.BasicDirectives.$anonfun$mapRouteResultFuture$2(BasicDirectives.scala:71)
	at org.apache.pekko.http.scaladsl.server.directives.BasicDirectives.$anonfun$mapRequestContext$2(BasicDirectives.scala:55)
	at org.apache.pekko.http.scaladsl.server.directives.BasicDirectives.$anonfun$textract$2(BasicDirectives.scala:173)
	at org.apache.pekko.http.scaladsl.server.directives.BasicDirectives.$anonfun$mapRouteResult$2(BasicDirectives.scala:80)
	at org.apache.pekko.http.scaladsl.server.Directive.$anonfun$recover$5(Directive.scala:142)
	at org.apache.pekko.http.scaladsl.util.FastFuture$.flatMap$extension(FastFuture.scala:49)
	at org.apache.pekko.http.scaladsl.server.Directive.$anonfun$recover$2(Directive.scala:141)
	at scala.Function1.$anonfun$andThen$1(Function1.scala:87)
	at org.apache.pekko.http.scaladsl.server.directives.BasicDirectives.$anonfun$mapRequestContext$2(BasicDirectives.scala:55)
	at org.apache.pekko.http.scaladsl.server.directives.BasicDirectives.$anonfun$textract$2(BasicDirectives.scala:173)
	at org.apache.pekko.http.scaladsl.server.RouteConcatenation$RouteWithConcatenation.$anonfun$$tilde$2(RouteConcatenation.scala:58)
	at org.apache.pekko.http.scaladsl.util.FastFuture$.flatMap$extension(FastFuture.scala:49)
	at org.apache.pekko.http.scaladsl.server.RouteConcatenation$RouteWithConcatenation.$anonfun$$tilde$1(RouteConcatenation.scala:55)
	at org.apache.pekko.http.scaladsl.server.RouteConcatenation$RouteWithConcatenation.$anonfun$$tilde$1(RouteConcatenation.scala:55)
	at org.apache.pekko.http.scaladsl.server.RouteConcatenation$RouteWithConcatenation.$anonfun$$tilde$1(RouteConcatenation.scala:55)
	at org.apache.pekko.http.scaladsl.server.RouteConcatenation$RouteWithConcatenation.$anonfun$$tilde$1(RouteConcatenation.scala:55)
	at org.apache.pekko.http.scaladsl.server.RouteConcatenation$RouteWithConcatenation.$anonfun$$tilde$1(RouteConcatenation.scala:55)
	at org.apache.pekko.http.scaladsl.server.RouteConcatenation$RouteWithConcatenation.$anonfun$$tilde$1(RouteConcatenation.scala:55)
	at org.apache.pekko.http.scaladsl.server.RouteConcatenation$RouteWithConcatenation.$anonfun$$tilde$1(RouteConcatenation.scala:55)
	at org.apache.pekko.http.scaladsl.server.RouteConcatenation$RouteWithConcatenation.$anonfun$$tilde$1(RouteConcatenation.scala:55)
	at org.apache.pekko.http.scaladsl.server.RouteConcatenation$RouteWithConcatenation.$anonfun$$tilde$1(RouteConcatenation.scala:55)
	at org.apache.pekko.http.scaladsl.server.RouteConcatenation$RouteWithConcatenation.$anonfun$$tilde$1(RouteConcatenation.scala:55)
	at org.apache.pekko.http.scaladsl.server.RouteConcatenation$RouteWithConcatenation.$anonfun$$tilde$1(RouteConcatenation.scala:55)
	at org.apache.pekko.http.scaladsl.server.RouteConcatenation$RouteWithConcatenation.$anonfun$$tilde$1(RouteConcatenation.scala:55)
	at org.apache.pekko.http.scaladsl.server.directives.BasicDirectives.$anonfun$mapRouteResult$2(BasicDirectives.scala:80)
	at org.apache.pekko.http.scaladsl.server.directives.BasicDirectives.$anonfun$textract$2(BasicDirectives.scala:173)
	at org.apache.pekko.http.scaladsl.server.RouteConcatenation$RouteWithConcatenation.$anonfun$$tilde$2(RouteConcatenation.scala:58)
	at org.apache.pekko.http.scaladsl.util.FastFuture$.flatMap$extension(FastFuture.scala:49)
	at org.apache.pekko.http.scaladsl.server.RouteConcatenation$RouteWithConcatenation.$anonfun$$tilde$1(RouteConcatenation.scala:55)
	at org.apache.pekko.http.scaladsl.server.RouteConcatenation$RouteWithConcatenation.$anonfun$$tilde$1(RouteConcatenation.scala:55)
	at org.apache.pekko.http.scaladsl.server.directives.BasicDirectives.$anonfun$mapRequestContext$2(BasicDirectives.scala:55)
	at org.apache.pekko.http.scaladsl.server.directives.BasicDirectives.$anonfun$textract$2(BasicDirectives.scala:173)
	at org.apache.pekko.http.scaladsl.server.RouteConcatenation$RouteWithConcatenation.$anonfun$$tilde$2(RouteConcatenation.scala:58)
	at org.apache.pekko.http.scaladsl.util.FastFuture$.flatMap$extension(FastFuture.scala:49)
	at org.apache.pekko.http.scaladsl.server.RouteConcatenation$RouteWithConcatenation.$anonfun$$tilde$1(RouteConcatenation.scala:55)
	at org.apache.pekko.http.scaladsl.server.RouteConcatenation$RouteWithConcatenation.$anonfun$$tilde$1(RouteConcatenation.scala:55)
	at org.apache.pekko.http.scaladsl.server.RouteConcatenation$RouteWithConcatenation.$anonfun$$tilde$1(RouteConcatenation.scala:55)
	at org.apache.pekko.http.scaladsl.server.directives.BasicDirectives.$anonfun$textract$2(BasicDirectives.scala:173)
	at org.apache.pekko.http.scaladsl.server.RouteConcatenation$RouteWithConcatenation.$anonfun$$tilde$2(RouteConcatenation.scala:58)
	at org.apache.pekko.http.scaladsl.util.FastFuture$.flatMap$extension(FastFuture.scala:49)
	at org.apache.pekko.http.scaladsl.server.RouteConcatenation$RouteWithConcatenation.$anonfun$$tilde$1(RouteConcatenation.scala:55)
	at org.apache.pekko.http.scaladsl.server.RouteConcatenation$RouteWithConcatenation.$anonfun$$tilde$1(RouteConcatenation.scala:55)
	at com.daml.metrics.pekkohttp.HttpMetricsInterceptor$.$anonfun$rateDurationSizeMetrics$3(HttpMetricsInterceptor.scala:42)
	at com.daml.metrics.api.MetricHandle$Timer.timeFuture(MetricHandle.scala:103)
	at com.daml.metrics.api.MetricHandle$Timer.timeFuture$(MetricHandle.scala:99)
	at com.daml.metrics.api.opentelemetry.OpenTelemetryTimer.timeFuture(OpenTelemetryMetricsFactory.scala:162)
	at com.daml.metrics.pekkohttp.HttpMetricsInterceptor$.$anonfun$rateDurationSizeMetrics$2(HttpMetricsInterceptor.scala:42)
	at org.apache.pekko.http.scaladsl.server.RouteConcatenation$RouteWithConcatenation.$anonfun$$tilde$2(RouteConcatenation.scala:58)
	at org.apache.pekko.http.scaladsl.util.FastFuture$.flatMap$extension(FastFuture.scala:49)
	at org.apache.pekko.http.scaladsl.server.RouteConcatenation$RouteWithConcatenation.$anonfun$$tilde$1(RouteConcatenation.scala:55)
	at org.apache.pekko.http.scaladsl.server.RouteConcatenation$RouteWithConcatenation.$anonfun$$tilde$1(RouteConcatenation.scala:55)
	at org.apache.pekko.http.scaladsl.server.directives.BasicDirectives.$anonfun$mapRouteResultWith$2(BasicDirectives.scala:86)
	at org.apache.pekko.http.scaladsl.server.directives.BasicDirectives.$anonfun$textract$2(BasicDirectives.scala:173)
	at org.apache.pekko.http.scaladsl.server.directives.ExecutionDirectives.$anonfun$handleExceptions$2(ExecutionDirectives.scala:42)
	at org.apache.pekko.http.scaladsl.server.Route$.$anonfun$createAsyncHandler$1(Route.scala:127)
	at org.apache.pekko.stream.impl.fusing.MapAsyncUnordered$$anon$29.onPush(Ops.scala:1462)
	at org.apache.pekko.stream.impl.fusing.GraphInterpreter.processPush(GraphInterpreter.scala:556)
	at org.apache.pekko.stream.impl.fusing.GraphInterpreter.processEvent(GraphInterpreter.scala:507)
	at org.apache.pekko.stream.impl.fusing.GraphInterpreter.execute(GraphInterpreter.scala:401)
	at org.apache.pekko.stream.impl.fusing.GraphInterpreterShell.runBatch(ActorGraphInterpreter.scala:662)
	at org.apache.pekko.stream.impl.fusing.GraphInterpreterShell$AsyncInput.execute(ActorGraphInterpreter.scala:532)
	at org.apache.pekko.stream.impl.fusing.GraphInterpreterShell.processEvent(ActorGraphInterpreter.scala:637)
	at org.apache.pekko.stream.impl.fusing.ActorGraphInterpreter.org$apache$pekko$stream$impl$fusing$ActorGraphInterpreter$$processEvent(ActorGraphInterpreter.scala:813)
	at org.apache.pekko.stream.impl.fusing.ActorGraphInterpreter$$anonfun$receive$1.applyOrElse(ActorGraphInterpreter.scala:831)
	at org.apache.pekko.actor.Actor.aroundReceive(Actor.scala:547)
	at org.apache.pekko.actor.Actor.aroundReceive$(Actor.scala:545)
	at org.apache.pekko.stream.impl.fusing.ActorGraphInterpreter.aroundReceive(ActorGraphInterpreter.scala:729)
	at org.apache.pekko.actor.ActorCell.receiveMessage(ActorCell.scala:590)
	at org.apache.pekko.actor.ActorCell.invoke(ActorCell.scala:557)
	at org.apache.pekko.dispatch.Mailbox.processMailbox(Mailbox.scala:272)
	at org.apache.pekko.dispatch.Mailbox.run(Mailbox.scala:233)
	at org.apache.pekko.dispatch.Mailbox.exec(Mailbox.scala:245)
	at java.base/java.util.concurrent.ForkJoinTask.doExec(ForkJoinTask.java:387)
	at java.base/java.util.concurrent.ForkJoinPool$WorkQueue.topLevelExec(ForkJoinPool.java:1312)
	at java.base/java.util.concurrent.ForkJoinPool.scan(ForkJoinPool.java:1843)
	at java.base/java.util.concurrent.ForkJoinPool.runWorker(ForkJoinPool.java:1808)
	at java.base/java.util.concurrent.ForkJoinWorkerThread.run(ForkJoinWorkerThread.java:188)
2025-08-24 18:21:48.884 [http-json-ledger-api-pekko.actor.default-dispatcher-83] INFO  com.daml.http.Endpoints - Responding to client with HTTP 500 Internal Server Error, context: {instance_uuid: "784b88de-ea26-4b76-acb3-e0ab6ab147c1", request_id: "65167970-f115-450a-aa3f-edc0795d6bde"} 
2025-08-24 19:01:43.357 [http-json-ledger-api-pekko.actor.default-dispatcher-102] INFO  com.daml.http.Endpoints - Incoming POST request on http://localhost:7575/v1/query from 127.0.0.1:41696, context: {instance_uuid: "784b88de-ea26-4b76-acb3-e0ab6ab147c1", request_id: "b18a796e-9151-4f9d-9f55-4cff4a230449"} 
2025-08-24 19:01:43.357 [http-json-ledger-api-pekko.actor.default-dispatcher-102] WARN  com.daml.http.endpoints.RouteSetup - missing HTTPS reverse-proxy request headers; for development launch with --allow-insecure-tokens, context: {instance_uuid: "784b88de-ea26-4b76-acb3-e0ab6ab147c1", request_id: "b18a796e-9151-4f9d-9f55-4cff4a230449"} 
2025-08-24 19:01:43.359 [http-json-ledger-api-pekko.actor.default-dispatcher-103] ERROR com.daml.http.EndpointsCompanion - Internal server error occured, context: {instance_uuid: "784b88de-ea26-4b76-acb3-e0ab6ab147c1", request_id: "b18a796e-9151-4f9d-9f55-4cff4a230449"} 
spray.json.DeserializationException: Could not read value for sub
	at spray.json.package$.deserializationError(package.scala:23)
	at com.daml.ledger.api.auth.AuthServiceJWTCodec$.readString(AuthServiceJWTPayload.scala:413)
	at com.daml.ledger.api.auth.AuthServiceJWTCodec$.readScopeBasedToken(AuthServiceJWTPayload.scala:253)
	at com.daml.ledger.api.auth.AuthServiceJWTCodec$.$anonfun$readScopeBasedTokenFromString$3(AuthServiceJWTPayload.scala:270)
	at scala.util.Try$.apply(Try.scala:210)
	at com.daml.ledger.api.auth.AuthServiceJWTCodec$.$anonfun$readScopeBasedTokenFromString$2(AuthServiceJWTPayload.scala:270)
	at scala.util.Success.flatMap(Try.scala:258)
	at com.daml.ledger.api.auth.AuthServiceJWTCodec$.readScopeBasedTokenFromString(AuthServiceJWTPayload.scala:269)
	at com.daml.http.HttpService$.$anonfun$parseScopeJwt$1(HttpService.scala:373)
	at scalaz.$bslash$div.flatMap(Either.scala:134)
	at com.daml.http.EndpointsCompanion$.decodeAndParseJwt(EndpointsCompanion.scala:319)
	at com.daml.http.EndpointsCompanion$.decodeAndParsePayload(EndpointsCompanion.scala:334)
	at com.daml.http.endpoints.RouteSetup.withJwtPayload(RouteSetup.scala:92)
	at com.daml.http.endpoints.RouteSetup.$anonfun$inputAndJwtPayload$1(RouteSetup.scala:102)
	at scalaz.EitherT.$anonfun$flatMap$4(EitherT.scala:93)
	at scalaz.$bslash$div.fold(Either.scala:58)
	at scalaz.EitherT.$anonfun$flatMap$1(EitherT.scala:93)
	at scala.concurrent.Future.$anonfun$flatMap$1(Future.scala:265)
	at org.apache.pekko.http.scaladsl.util.FastFuture$FulfilledFuture.transformWith(FastFuture.scala:45)
	at scala.concurrent.Future.flatMap(Future.scala:263)
	at scala.concurrent.Future.flatMap$(Future.scala:263)
	at org.apache.pekko.http.scaladsl.util.FastFuture$FulfilledFuture.flatMap(FastFuture.scala:85)
	at scalaz.std.FutureInstance.bind(Future.scala:19)
	at scalaz.std.FutureInstance.bind(Future.scala:17)
	at scalaz.EitherT.flatMap(EitherT.scala:93)
	at com.daml.http.endpoints.RouteSetup.inputAndJwtPayload(RouteSetup.scala:102)
	at com.daml.http.endpoints.ContractList.query(ContractList.scala:116)
	at com.daml.http.Endpoints.$anonfun$all$18(Endpoints.scala:340)
	at com.daml.http.Endpoints.toRoute(Endpoints.scala:113)
	at com.daml.http.Endpoints.$anonfun$all$17(Endpoints.scala:340)
	at org.apache.pekko.http.scaladsl.server.Directive$.$anonfun$addByNameNullaryApply$2(Directive.scala:184)
	at org.apache.pekko.http.scaladsl.server.ConjunctionMagnet$$anon$2.$anonfun$apply$3(Directive.scala:255)
	at org.apache.pekko.http.scaladsl.server.ConjunctionMagnet$$anon$2.$anonfun$apply$3(Directive.scala:255)
	at org.apache.pekko.http.scaladsl.server.directives.BasicDirectives.$anonfun$mapRouteResultFuture$2(BasicDirectives.scala:71)
	at org.apache.pekko.http.scaladsl.server.directives.BasicDirectives.$anonfun$mapRequestContext$2(BasicDirectives.scala:55)
	at org.apache.pekko.http.scaladsl.server.directives.BasicDirectives.$anonfun$textract$2(BasicDirectives.scala:173)
	at org.apache.pekko.http.scaladsl.server.directives.BasicDirectives.$anonfun$mapRouteResult$2(BasicDirectives.scala:80)
	at org.apache.pekko.http.scaladsl.server.Directive.$anonfun$recover$5(Directive.scala:142)
	at org.apache.pekko.http.scaladsl.util.FastFuture$.flatMap$extension(FastFuture.scala:49)
	at org.apache.pekko.http.scaladsl.server.Directive.$anonfun$recover$2(Directive.scala:141)
	at scala.Function1.$anonfun$andThen$1(Function1.scala:87)
	at org.apache.pekko.http.scaladsl.server.directives.BasicDirectives.$anonfun$mapRequestContext$2(BasicDirectives.scala:55)
	at org.apache.pekko.http.scaladsl.server.directives.BasicDirectives.$anonfun$textract$2(BasicDirectives.scala:173)
	at org.apache.pekko.http.scaladsl.server.RouteConcatenation$RouteWithConcatenation.$anonfun$$tilde$2(RouteConcatenation.scala:58)
	at org.apache.pekko.http.scaladsl.util.FastFuture$.flatMap$extension(FastFuture.scala:49)
	at org.apache.pekko.http.scaladsl.server.RouteConcatenation$RouteWithConcatenation.$anonfun$$tilde$1(RouteConcatenation.scala:55)
	at org.apache.pekko.http.scaladsl.server.RouteConcatenation$RouteWithConcatenation.$anonfun$$tilde$1(RouteConcatenation.scala:55)
	at org.apache.pekko.http.scaladsl.server.RouteConcatenation$RouteWithConcatenation.$anonfun$$tilde$1(RouteConcatenation.scala:55)
	at org.apache.pekko.http.scaladsl.server.RouteConcatenation$RouteWithConcatenation.$anonfun$$tilde$1(RouteConcatenation.scala:55)
	at org.apache.pekko.http.scaladsl.server.RouteConcatenation$RouteWithConcatenation.$anonfun$$tilde$1(RouteConcatenation.scala:55)
	at org.apache.pekko.http.scaladsl.server.RouteConcatenation$RouteWithConcatenation.$anonfun$$tilde$1(RouteConcatenation.scala:55)
	at org.apache.pekko.http.scaladsl.server.RouteConcatenation$RouteWithConcatenation.$anonfun$$tilde$1(RouteConcatenation.scala:55)
	at org.apache.pekko.http.scaladsl.server.RouteConcatenation$RouteWithConcatenation.$anonfun$$tilde$1(RouteConcatenation.scala:55)
	at org.apache.pekko.http.scaladsl.server.RouteConcatenation$RouteWithConcatenation.$anonfun$$tilde$1(RouteConcatenation.scala:55)
	at org.apache.pekko.http.scaladsl.server.RouteConcatenation$RouteWithConcatenation.$anonfun$$tilde$1(RouteConcatenation.scala:55)
	at org.apache.pekko.http.scaladsl.server.RouteConcatenation$RouteWithConcatenation.$anonfun$$tilde$1(RouteConcatenation.scala:55)
	at org.apache.pekko.http.scaladsl.server.RouteConcatenation$RouteWithConcatenation.$anonfun$$tilde$1(RouteConcatenation.scala:55)
	at org.apache.pekko.http.scaladsl.server.directives.BasicDirectives.$anonfun$mapRouteResult$2(BasicDirectives.scala:80)
	at org.apache.pekko.http.scaladsl.server.directives.BasicDirectives.$anonfun$textract$2(BasicDirectives.scala:173)
	at org.apache.pekko.http.scaladsl.server.RouteConcatenation$RouteWithConcatenation.$anonfun$$tilde$2(RouteConcatenation.scala:58)
	at org.apache.pekko.http.scaladsl.util.FastFuture$.flatMap$extension(FastFuture.scala:49)
	at org.apache.pekko.http.scaladsl.server.RouteConcatenation$RouteWithConcatenation.$anonfun$$tilde$1(RouteConcatenation.scala:55)
	at org.apache.pekko.http.scaladsl.server.RouteConcatenation$RouteWithConcatenation.$anonfun$$tilde$1(RouteConcatenation.scala:55)
	at org.apache.pekko.http.scaladsl.server.directives.BasicDirectives.$anonfun$mapRequestContext$2(BasicDirectives.scala:55)
	at org.apache.pekko.http.scaladsl.server.directives.BasicDirectives.$anonfun$textract$2(BasicDirectives.scala:173)
	at org.apache.pekko.http.scaladsl.server.RouteConcatenation$RouteWithConcatenation.$anonfun$$tilde$2(RouteConcatenation.scala:58)
	at org.apache.pekko.http.scaladsl.util.FastFuture$.flatMap$extension(FastFuture.scala:49)
	at org.apache.pekko.http.scaladsl.server.RouteConcatenation$RouteWithConcatenation.$anonfun$$tilde$1(RouteConcatenation.scala:55)
	at org.apache.pekko.http.scaladsl.server.RouteConcatenation$RouteWithConcatenation.$anonfun$$tilde$1(RouteConcatenation.scala:55)
	at org.apache.pekko.http.scaladsl.server.RouteConcatenation$RouteWithConcatenation.$anonfun$$tilde$1(RouteConcatenation.scala:55)
	at org.apache.pekko.http.scaladsl.server.directives.BasicDirectives.$anonfun$textract$2(BasicDirectives.scala:173)
	at org.apache.pekko.http.scaladsl.server.RouteConcatenation$RouteWithConcatenation.$anonfun$$tilde$2(RouteConcatenation.scala:58)
	at org.apache.pekko.http.scaladsl.util.FastFuture$.flatMap$extension(FastFuture.scala:49)
	at org.apache.pekko.http.scaladsl.server.RouteConcatenation$RouteWithConcatenation.$anonfun$$tilde$1(RouteConcatenation.scala:55)
	at org.apache.pekko.http.scaladsl.server.RouteConcatenation$RouteWithConcatenation.$anonfun$$tilde$1(RouteConcatenation.scala:55)
	at com.daml.metrics.pekkohttp.HttpMetricsInterceptor$.$anonfun$rateDurationSizeMetrics$3(HttpMetricsInterceptor.scala:42)
	at com.daml.metrics.api.MetricHandle$Timer.timeFuture(MetricHandle.scala:103)
	at com.daml.metrics.api.MetricHandle$Timer.timeFuture$(MetricHandle.scala:99)
	at com.daml.metrics.api.opentelemetry.OpenTelemetryTimer.timeFuture(OpenTelemetryMetricsFactory.scala:162)
	at com.daml.metrics.pekkohttp.HttpMetricsInterceptor$.$anonfun$rateDurationSizeMetrics$2(HttpMetricsInterceptor.scala:42)
	at org.apache.pekko.http.scaladsl.server.RouteConcatenation$RouteWithConcatenation.$anonfun$$tilde$2(RouteConcatenation.scala:58)
	at org.apache.pekko.http.scaladsl.util.FastFuture$.flatMap$extension(FastFuture.scala:49)
	at org.apache.pekko.http.scaladsl.server.RouteConcatenation$RouteWithConcatenation.$anonfun$$tilde$1(RouteConcatenation.scala:55)
	at org.apache.pekko.http.scaladsl.server.RouteConcatenation$RouteWithConcatenation.$anonfun$$tilde$1(RouteConcatenation.scala:55)
	at org.apache.pekko.http.scaladsl.server.directives.BasicDirectives.$anonfun$mapRouteResultWith$2(BasicDirectives.scala:86)
	at org.apache.pekko.http.scaladsl.server.directives.BasicDirectives.$anonfun$textract$2(BasicDirectives.scala:173)
	at org.apache.pekko.http.scaladsl.server.directives.ExecutionDirectives.$anonfun$handleExceptions$2(ExecutionDirectives.scala:42)
	at org.apache.pekko.http.scaladsl.server.Route$.$anonfun$createAsyncHandler$1(Route.scala:127)
	at org.apache.pekko.stream.impl.fusing.MapAsyncUnordered$$anon$29.onPush(Ops.scala:1462)
	at org.apache.pekko.stream.impl.fusing.GraphInterpreter.processPush(GraphInterpreter.scala:556)
	at org.apache.pekko.stream.impl.fusing.GraphInterpreter.processEvent(GraphInterpreter.scala:507)
	at org.apache.pekko.stream.impl.fusing.GraphInterpreter.execute(GraphInterpreter.scala:401)
	at org.apache.pekko.stream.impl.fusing.GraphInterpreterShell.runBatch(ActorGraphInterpreter.scala:662)
	at org.apache.pekko.stream.impl.fusing.GraphInterpreterShell$AsyncInput.execute(ActorGraphInterpreter.scala:532)
	at org.apache.pekko.stream.impl.fusing.GraphInterpreterShell.processEvent(ActorGraphInterpreter.scala:637)
	at org.apache.pekko.stream.impl.fusing.ActorGraphInterpreter.org$apache$pekko$stream$impl$fusing$ActorGraphInterpreter$$processEvent(ActorGraphInterpreter.scala:813)
	at org.apache.pekko.stream.impl.fusing.ActorGraphInterpreter$$anonfun$receive$1.applyOrElse(ActorGraphInterpreter.scala:831)
	at org.apache.pekko.actor.Actor.aroundReceive(Actor.scala:547)
	at org.apache.pekko.actor.Actor.aroundReceive$(Actor.scala:545)
	at org.apache.pekko.stream.impl.fusing.ActorGraphInterpreter.aroundReceive(ActorGraphInterpreter.scala:729)
	at org.apache.pekko.actor.ActorCell.receiveMessage(ActorCell.scala:590)
	at org.apache.pekko.actor.ActorCell.invoke(ActorCell.scala:557)
	at org.apache.pekko.dispatch.Mailbox.processMailbox(Mailbox.scala:272)
	at org.apache.pekko.dispatch.Mailbox.run(Mailbox.scala:233)
	at org.apache.pekko.dispatch.Mailbox.exec(Mailbox.scala:245)
	at java.base/java.util.concurrent.ForkJoinTask.doExec(ForkJoinTask.java:387)
	at java.base/java.util.concurrent.ForkJoinPool$WorkQueue.topLevelExec(ForkJoinPool.java:1312)
	at java.base/java.util.concurrent.ForkJoinPool.scan(ForkJoinPool.java:1843)
	at java.base/java.util.concurrent.ForkJoinPool.runWorker(ForkJoinPool.java:1808)
	at java.base/java.util.concurrent.ForkJoinWorkerThread.run(ForkJoinWorkerThread.java:188)
2025-08-24 19:01:43.362 [http-json-ledger-api-pekko.actor.default-dispatcher-103] INFO  com.daml.http.Endpoints - Responding to client with HTTP 500 Internal Server Error, context: {instance_uuid: "784b88de-ea26-4b76-acb3-e0ab6ab147c1", request_id: "b18a796e-9151-4f9d-9f55-4cff4a230449"} 
[WARN] [08/24/2025 19:13:50.129] [http-json-ledger-api-pekko.actor.default-dispatcher-106] [org.apache.pekko.actor.ActorSystemImpl(http-json-ledger-api)] Illegal request, responding with status '400 Bad Request': Unsupported HTTP method: The HTTP method started with 0x16 rather than any known HTTP method from 127.0.0.1:38976. Perhaps this was an HTTPS request sent to an HTTP endpoint?
2025-08-24 19:14:29.363 [http-json-ledger-api-pekko.actor.default-dispatcher-108] INFO  com.daml.http.Endpoints - Incoming GET request on http://localhost:7575/v1/query from 127.0.0.1:46052, context: {instance_uuid: "784b88de-ea26-4b76-acb3-e0ab6ab147c1", request_id: "7c9a13aa-32d8-4f55-b94e-7fc3e75b3afb"} 
2025-08-24 19:14:29.363 [http-json-ledger-api-pekko.actor.default-dispatcher-108] WARN  com.daml.http.endpoints.RouteSetup - missing HTTPS reverse-proxy request headers; for development launch with --allow-insecure-tokens, context: {instance_uuid: "784b88de-ea26-4b76-acb3-e0ab6ab147c1", request_id: "7c9a13aa-32d8-4f55-b94e-7fc3e75b3afb"} 
2025-08-24 19:14:29.364 [http-json-ledger-api-pekko.actor.default-dispatcher-108] INFO  com.daml.http.Endpoints - Responding to client with HTTP 401 Unauthorized, context: {instance_uuid: "784b88de-ea26-4b76-acb3-e0ab6ab147c1", request_id: "7c9a13aa-32d8-4f55-b94e-7fc3e75b3afb"} 
2025-08-24 19:19:00.791 [http-json-ledger-api-pekko.actor.default-dispatcher-113] INFO  com.daml.http.Endpoints - Incoming GET request on http://localhost:7575/v1/query from 127.0.0.1:47714, context: {instance_uuid: "784b88de-ea26-4b76-acb3-e0ab6ab147c1", request_id: "34581972-2a12-464b-b28f-562d835e1c92"} 
2025-08-24 19:19:00.791 [http-json-ledger-api-pekko.actor.default-dispatcher-114] WARN  com.daml.http.endpoints.RouteSetup - missing HTTPS reverse-proxy request headers; for development launch with --allow-insecure-tokens, context: {instance_uuid: "784b88de-ea26-4b76-acb3-e0ab6ab147c1", request_id: "34581972-2a12-464b-b28f-562d835e1c92"} 
2025-08-24 19:19:00.794 [http-json-ledger-api-pekko.actor.default-dispatcher-114] ERROR com.daml.http.EndpointsCompanion - Internal server error occured, context: {instance_uuid: "784b88de-ea26-4b76-acb3-e0ab6ab147c1", request_id: "34581972-2a12-464b-b28f-562d835e1c92"} 
spray.json.DeserializationException: Could not read value for sub
	at spray.json.package$.deserializationError(package.scala:23)
	at com.daml.ledger.api.auth.AuthServiceJWTCodec$.readString(AuthServiceJWTPayload.scala:413)
	at com.daml.ledger.api.auth.AuthServiceJWTCodec$.readScopeBasedToken(AuthServiceJWTPayload.scala:253)
	at com.daml.ledger.api.auth.AuthServiceJWTCodec$.$anonfun$readScopeBasedTokenFromString$3(AuthServiceJWTPayload.scala:270)
	at scala.util.Try$.apply(Try.scala:210)
	at com.daml.ledger.api.auth.AuthServiceJWTCodec$.$anonfun$readScopeBasedTokenFromString$2(AuthServiceJWTPayload.scala:270)
	at scala.util.Success.flatMap(Try.scala:258)
	at com.daml.ledger.api.auth.AuthServiceJWTCodec$.readScopeBasedTokenFromString(AuthServiceJWTPayload.scala:269)
	at com.daml.http.HttpService$.$anonfun$parseScopeJwt$1(HttpService.scala:373)
	at scalaz.$bslash$div.flatMap(Either.scala:134)
	at com.daml.http.EndpointsCompanion$.decodeAndParseJwt(EndpointsCompanion.scala:319)
	at com.daml.http.EndpointsCompanion$.decodeAndParsePayload(EndpointsCompanion.scala:334)
	at com.daml.http.endpoints.RouteSetup.withJwtPayload(RouteSetup.scala:92)
	at com.daml.http.endpoints.RouteSetup.$anonfun$inputAndJwtPayload$1(RouteSetup.scala:102)
	at scalaz.EitherT.$anonfun$flatMap$4(EitherT.scala:93)
	at scalaz.$bslash$div.fold(Either.scala:58)
	at scalaz.EitherT.$anonfun$flatMap$1(EitherT.scala:93)
	at scala.concurrent.Future.$anonfun$flatMap$1(Future.scala:265)
	at org.apache.pekko.http.scaladsl.util.FastFuture$FulfilledFuture.transformWith(FastFuture.scala:45)
	at scala.concurrent.Future.flatMap(Future.scala:263)
	at scala.concurrent.Future.flatMap$(Future.scala:263)
	at org.apache.pekko.http.scaladsl.util.FastFuture$FulfilledFuture.flatMap(FastFuture.scala:85)
	at scalaz.std.FutureInstance.bind(Future.scala:19)
	at scalaz.std.FutureInstance.bind(Future.scala:17)
	at scalaz.EitherT.flatMap(EitherT.scala:93)
	at com.daml.http.endpoints.RouteSetup.inputAndJwtPayload(RouteSetup.scala:102)
	at com.daml.http.endpoints.ContractList.$anonfun$retrieveAll$2(ContractList.scala:92)
	at scala.concurrent.impl.Promise$Transformation.run(Promise.scala:470)
	at org.apache.pekko.dispatch.BatchingExecutor$AbstractBatch.processBatch(BatchingExecutor.scala:73)
	at org.apache.pekko.dispatch.BatchingExecutor$BlockableBatch.$anonfun$run$1(BatchingExecutor.scala:110)
	at scala.runtime.java8.JFunction0$mcV$sp.apply(JFunction0$mcV$sp.scala:18)
	at scala.concurrent.BlockContext$.withBlockContext(BlockContext.scala:94)
	at org.apache.pekko.dispatch.BatchingExecutor$BlockableBatch.run(BatchingExecutor.scala:110)
	at org.apache.pekko.dispatch.TaskInvocation.run(AbstractDispatcher.scala:59)
	at org.apache.pekko.dispatch.ForkJoinExecutorConfigurator$PekkoForkJoinTask.exec(ForkJoinExecutorConfigurator.scala:61)
	at java.base/java.util.concurrent.ForkJoinTask.doExec(ForkJoinTask.java:387)
	at java.base/java.util.concurrent.ForkJoinPool$WorkQueue.topLevelExec(ForkJoinPool.java:1312)
	at java.base/java.util.concurrent.ForkJoinPool.scan(ForkJoinPool.java:1843)
	at java.base/java.util.concurrent.ForkJoinPool.runWorker(ForkJoinPool.java:1808)
	at java.base/java.util.concurrent.ForkJoinWorkerThread.run(ForkJoinWorkerThread.java:188)
2025-08-24 19:19:00.794 [http-json-ledger-api-pekko.actor.default-dispatcher-114] INFO  com.daml.http.Endpoints - Responding to client with HTTP 500 Internal Server Error, context: {instance_uuid: "784b88de-ea26-4b76-acb3-e0ab6ab147c1", request_id: "34581972-2a12-464b-b28f-562d835e1c92"} 
2025-08-24 19:19:09.891 [http-json-ledger-api-pekko.actor.default-dispatcher-113] INFO  com.daml.http.Endpoints - Incoming GET request on http://localhost:7575/v1/parties from 127.0.0.1:56840, context: {instance_uuid: "784b88de-ea26-4b76-acb3-e0ab6ab147c1", request_id: "fc41c8b3-12ad-4487-a175-a42dd57facc9"} 
2025-08-24 19:19:09.893 [http-json-ledger-api-pekko.actor.default-dispatcher-113] WARN  com.daml.http.endpoints.RouteSetup - missing HTTPS reverse-proxy request headers; for development launch with --allow-insecure-tokens, context: {instance_uuid: "784b88de-ea26-4b76-acb3-e0ab6ab147c1", request_id: "fc41c8b3-12ad-4487-a175-a42dd57facc9"} 
2025-08-24 19:19:09.974 [http-json-ledger-api-pekko.actor.default-dispatcher-113] INFO  com.daml.http.Endpoints - Responding to client with HTTP 500 Internal Server Error, context: {instance_uuid: "784b88de-ea26-4b76-acb3-e0ab6ab147c1", request_id: "fc41c8b3-12ad-4487-a175-a42dd57facc9"} 
[WARN] [08/24/2025 19:28:28.878] [http-json-ledger-api-pekko.actor.default-dispatcher-121] [org.apache.pekko.actor.ActorSystemImpl(http-json-ledger-api)] Illegal header: Illegal 'accept-language' header: Invalid input 'U', expected WSP, CRLF, '-', weight, listSep or 'EOI' (line 1, column 4): en US,en;q=0.9,sv;q=0.8
   ^
2025-08-24 19:42:18.676 [http-json-ledger-api-pekko.actor.default-dispatcher-128] INFO  com.daml.http.Endpoints - Incoming GET request on http://localhost:7575/v1/parties from 127.0.0.1:53220, context: {instance_uuid: "784b88de-ea26-4b76-acb3-e0ab6ab147c1", request_id: "653dff22-3253-4bcb-abf1-b727db5fcb3d"} 
2025-08-24 19:42:18.676 [http-json-ledger-api-pekko.actor.default-dispatcher-128] WARN  com.daml.http.endpoints.RouteSetup - missing HTTPS reverse-proxy request headers; for development launch with --allow-insecure-tokens, context: {instance_uuid: "784b88de-ea26-4b76-acb3-e0ab6ab147c1", request_id: "653dff22-3253-4bcb-abf1-b727db5fcb3d"} 
2025-08-24 19:42:18.695 [http-json-ledger-api-pekko.actor.default-dispatcher-128] INFO  com.daml.http.Endpoints - Responding to client with HTTP 401 Unauthorized, context: {instance_uuid: "784b88de-ea26-4b76-acb3-e0ab6ab147c1", request_id: "653dff22-3253-4bcb-abf1-b727db5fcb3d"} 
2025-08-24 19:43:30.998 [http-json-ledger-api-pekko.actor.default-dispatcher-127] INFO  com.daml.http.Endpoints - Incoming GET request on http://localhost:7575/v1/parties from 127.0.0.1:57490, context: {instance_uuid: "784b88de-ea26-4b76-acb3-e0ab6ab147c1", request_id: "db9f999f-899c-436c-8311-1375bc457abd"} 
2025-08-24 19:43:30.998 [http-json-ledger-api-pekko.actor.default-dispatcher-127] WARN  com.daml.http.endpoints.RouteSetup - missing HTTPS reverse-proxy request headers; for development launch with --allow-insecure-tokens, context: {instance_uuid: "784b88de-ea26-4b76-acb3-e0ab6ab147c1", request_id: "db9f999f-899c-436c-8311-1375bc457abd"} 
2025-08-24 19:43:31.033 [http-json-ledger-api-pekko.actor.default-dispatcher-127] INFO  com.daml.http.Endpoints - Responding to client with HTTP 401 Unauthorized, context: {instance_uuid: "784b88de-ea26-4b76-acb3-e0ab6ab147c1", request_id: "db9f999f-899c-436c-8311-1375bc457abd"} 
2025-08-24 19:48:08.027 [http-json-ledger-api-pekko.actor.default-dispatcher-134] INFO  com.daml.http.Endpoints - Incoming GET request on http://localhost:7575/v1/parties from 127.0.0.1:48644, context: {instance_uuid: "784b88de-ea26-4b76-acb3-e0ab6ab147c1", request_id: "de11ce5d-d34c-44cc-a9e4-097744b01899"} 
2025-08-24 19:48:08.027 [http-json-ledger-api-pekko.actor.default-dispatcher-134] WARN  com.daml.http.endpoints.RouteSetup - missing HTTPS reverse-proxy request headers; for development launch with --allow-insecure-tokens, context: {instance_uuid: "784b88de-ea26-4b76-acb3-e0ab6ab147c1", request_id: "de11ce5d-d34c-44cc-a9e4-097744b01899"} 
2025-08-24 19:48:08.039 [http-json-ledger-api-pekko.actor.default-dispatcher-134] INFO  com.daml.http.Endpoints - Responding to client with HTTP 500 Internal Server Error, context: {instance_uuid: "784b88de-ea26-4b76-acb3-e0ab6ab147c1", request_id: "de11ce5d-d34c-44cc-a9e4-097744b01899"} 
2025-08-24 19:49:31.955 [http-json-ledger-api-pekko.actor.default-dispatcher-135] INFO  com.daml.http.Endpoints - Incoming POST request on http://localhost:7575/v1/query from 127.0.0.1:55986, context: {instance_uuid: "784b88de-ea26-4b76-acb3-e0ab6ab147c1", request_id: "e066c5fa-d502-4f00-a59e-f3dfc1873727"} 
2025-08-24 19:49:31.956 [http-json-ledger-api-pekko.actor.default-dispatcher-135] WARN  com.daml.http.endpoints.RouteSetup - missing HTTPS reverse-proxy request headers; for development launch with --allow-insecure-tokens, context: {instance_uuid: "784b88de-ea26-4b76-acb3-e0ab6ab147c1", request_id: "e066c5fa-d502-4f00-a59e-f3dfc1873727"} 
2025-08-24 19:49:31.959 [http-json-ledger-api-pekko.actor.default-dispatcher-138] ERROR com.daml.http.EndpointsCompanion - Internal server error occured, context: {instance_uuid: "784b88de-ea26-4b76-acb3-e0ab6ab147c1", request_id: "e066c5fa-d502-4f00-a59e-f3dfc1873727"} 
spray.json.DeserializationException: Could not read value for sub
	at spray.json.package$.deserializationError(package.scala:23)
	at com.daml.ledger.api.auth.AuthServiceJWTCodec$.readString(AuthServiceJWTPayload.scala:413)
	at com.daml.ledger.api.auth.AuthServiceJWTCodec$.readScopeBasedToken(AuthServiceJWTPayload.scala:253)
	at com.daml.ledger.api.auth.AuthServiceJWTCodec$.$anonfun$readScopeBasedTokenFromString$3(AuthServiceJWTPayload.scala:270)
	at scala.util.Try$.apply(Try.scala:210)
	at com.daml.ledger.api.auth.AuthServiceJWTCodec$.$anonfun$readScopeBasedTokenFromString$2(AuthServiceJWTPayload.scala:270)
	at scala.util.Success.flatMap(Try.scala:258)
	at com.daml.ledger.api.auth.AuthServiceJWTCodec$.readScopeBasedTokenFromString(AuthServiceJWTPayload.scala:269)
	at com.daml.http.HttpService$.$anonfun$parseScopeJwt$1(HttpService.scala:373)
	at scalaz.$bslash$div.flatMap(Either.scala:134)
	at com.daml.http.EndpointsCompanion$.decodeAndParseJwt(EndpointsCompanion.scala:319)
	at com.daml.http.EndpointsCompanion$.decodeAndParsePayload(EndpointsCompanion.scala:334)
	at com.daml.http.endpoints.RouteSetup.withJwtPayload(RouteSetup.scala:92)
	at com.daml.http.endpoints.RouteSetup.$anonfun$inputAndJwtPayload$1(RouteSetup.scala:102)
	at scalaz.EitherT.$anonfun$flatMap$4(EitherT.scala:93)
	at scalaz.$bslash$div.fold(Either.scala:58)
	at scalaz.EitherT.$anonfun$flatMap$1(EitherT.scala:93)
	at scala.concurrent.Future.$anonfun$flatMap$1(Future.scala:265)
	at org.apache.pekko.http.scaladsl.util.FastFuture$FulfilledFuture.transformWith(FastFuture.scala:45)
	at scala.concurrent.Future.flatMap(Future.scala:263)
	at scala.concurrent.Future.flatMap$(Future.scala:263)
	at org.apache.pekko.http.scaladsl.util.FastFuture$FulfilledFuture.flatMap(FastFuture.scala:85)
	at scalaz.std.FutureInstance.bind(Future.scala:19)
	at scalaz.std.FutureInstance.bind(Future.scala:17)
	at scalaz.EitherT.flatMap(EitherT.scala:93)
	at com.daml.http.endpoints.RouteSetup.inputAndJwtPayload(RouteSetup.scala:102)
	at com.daml.http.endpoints.ContractList.query(ContractList.scala:116)
	at com.daml.http.Endpoints.$anonfun$all$18(Endpoints.scala:340)
	at com.daml.http.Endpoints.toRoute(Endpoints.scala:113)
	at com.daml.http.Endpoints.$anonfun$all$17(Endpoints.scala:340)
	at org.apache.pekko.http.scaladsl.server.Directive$.$anonfun$addByNameNullaryApply$2(Directive.scala:184)
	at org.apache.pekko.http.scaladsl.server.ConjunctionMagnet$$anon$2.$anonfun$apply$3(Directive.scala:255)
	at org.apache.pekko.http.scaladsl.server.ConjunctionMagnet$$anon$2.$anonfun$apply$3(Directive.scala:255)
	at org.apache.pekko.http.scaladsl.server.directives.BasicDirectives.$anonfun$mapRouteResultFuture$2(BasicDirectives.scala:71)
	at org.apache.pekko.http.scaladsl.server.directives.BasicDirectives.$anonfun$mapRequestContext$2(BasicDirectives.scala:55)
	at org.apache.pekko.http.scaladsl.server.directives.BasicDirectives.$anonfun$textract$2(BasicDirectives.scala:173)
	at org.apache.pekko.http.scaladsl.server.directives.BasicDirectives.$anonfun$mapRouteResult$2(BasicDirectives.scala:80)
	at org.apache.pekko.http.scaladsl.server.Directive.$anonfun$recover$5(Directive.scala:142)
	at org.apache.pekko.http.scaladsl.util.FastFuture$.flatMap$extension(FastFuture.scala:49)
	at org.apache.pekko.http.scaladsl.server.Directive.$anonfun$recover$2(Directive.scala:141)
	at scala.Function1.$anonfun$andThen$1(Function1.scala:87)
	at org.apache.pekko.http.scaladsl.server.directives.BasicDirectives.$anonfun$mapRequestContext$2(BasicDirectives.scala:55)
	at org.apache.pekko.http.scaladsl.server.directives.BasicDirectives.$anonfun$textract$2(BasicDirectives.scala:173)
	at org.apache.pekko.http.scaladsl.server.RouteConcatenation$RouteWithConcatenation.$anonfun$$tilde$2(RouteConcatenation.scala:58)
	at org.apache.pekko.http.scaladsl.util.FastFuture$.flatMap$extension(FastFuture.scala:49)
	at org.apache.pekko.http.scaladsl.server.RouteConcatenation$RouteWithConcatenation.$anonfun$$tilde$1(RouteConcatenation.scala:55)
	at org.apache.pekko.http.scaladsl.server.RouteConcatenation$RouteWithConcatenation.$anonfun$$tilde$1(RouteConcatenation.scala:55)
	at org.apache.pekko.http.scaladsl.server.RouteConcatenation$RouteWithConcatenation.$anonfun$$tilde$1(RouteConcatenation.scala:55)
	at org.apache.pekko.http.scaladsl.server.RouteConcatenation$RouteWithConcatenation.$anonfun$$tilde$1(RouteConcatenation.scala:55)
	at org.apache.pekko.http.scaladsl.server.RouteConcatenation$RouteWithConcatenation.$anonfun$$tilde$1(RouteConcatenation.scala:55)
	at org.apache.pekko.http.scaladsl.server.RouteConcatenation$RouteWithConcatenation.$anonfun$$tilde$1(RouteConcatenation.scala:55)
	at org.apache.pekko.http.scaladsl.server.RouteConcatenation$RouteWithConcatenation.$anonfun$$tilde$1(RouteConcatenation.scala:55)
	at org.apache.pekko.http.scaladsl.server.RouteConcatenation$RouteWithConcatenation.$anonfun$$tilde$1(RouteConcatenation.scala:55)
	at org.apache.pekko.http.scaladsl.server.RouteConcatenation$RouteWithConcatenation.$anonfun$$tilde$1(RouteConcatenation.scala:55)
	at org.apache.pekko.http.scaladsl.server.RouteConcatenation$RouteWithConcatenation.$anonfun$$tilde$1(RouteConcatenation.scala:55)
	at org.apache.pekko.http.scaladsl.server.RouteConcatenation$RouteWithConcatenation.$anonfun$$tilde$1(RouteConcatenation.scala:55)
	at org.apache.pekko.http.scaladsl.server.RouteConcatenation$RouteWithConcatenation.$anonfun$$tilde$1(RouteConcatenation.scala:55)
	at org.apache.pekko.http.scaladsl.server.directives.BasicDirectives.$anonfun$mapRouteResult$2(BasicDirectives.scala:80)
	at org.apache.pekko.http.scaladsl.server.directives.BasicDirectives.$anonfun$textract$2(BasicDirectives.scala:173)
	at org.apache.pekko.http.scaladsl.server.RouteConcatenation$RouteWithConcatenation.$anonfun$$tilde$2(RouteConcatenation.scala:58)
	at org.apache.pekko.http.scaladsl.util.FastFuture$.flatMap$extension(FastFuture.scala:49)
	at org.apache.pekko.http.scaladsl.server.RouteConcatenation$RouteWithConcatenation.$anonfun$$tilde$1(RouteConcatenation.scala:55)
	at org.apache.pekko.http.scaladsl.server.RouteConcatenation$RouteWithConcatenation.$anonfun$$tilde$1(RouteConcatenation.scala:55)
	at org.apache.pekko.http.scaladsl.server.directives.BasicDirectives.$anonfun$mapRequestContext$2(BasicDirectives.scala:55)
	at org.apache.pekko.http.scaladsl.server.directives.BasicDirectives.$anonfun$textract$2(BasicDirectives.scala:173)
	at org.apache.pekko.http.scaladsl.server.RouteConcatenation$RouteWithConcatenation.$anonfun$$tilde$2(RouteConcatenation.scala:58)
	at org.apache.pekko.http.scaladsl.util.FastFuture$.flatMap$extension(FastFuture.scala:49)
	at org.apache.pekko.http.scaladsl.server.RouteConcatenation$RouteWithConcatenation.$anonfun$$tilde$1(RouteConcatenation.scala:55)
	at org.apache.pekko.http.scaladsl.server.RouteConcatenation$RouteWithConcatenation.$anonfun$$tilde$1(RouteConcatenation.scala:55)
	at org.apache.pekko.http.scaladsl.server.RouteConcatenation$RouteWithConcatenation.$anonfun$$tilde$1(RouteConcatenation.scala:55)
	at org.apache.pekko.http.scaladsl.server.directives.BasicDirectives.$anonfun$textract$2(BasicDirectives.scala:173)
	at org.apache.pekko.http.scaladsl.server.RouteConcatenation$RouteWithConcatenation.$anonfun$$tilde$2(RouteConcatenation.scala:58)
	at org.apache.pekko.http.scaladsl.util.FastFuture$.flatMap$extension(FastFuture.scala:49)
	at org.apache.pekko.http.scaladsl.server.RouteConcatenation$RouteWithConcatenation.$anonfun$$tilde$1(RouteConcatenation.scala:55)
	at org.apache.pekko.http.scaladsl.server.RouteConcatenation$RouteWithConcatenation.$anonfun$$tilde$1(RouteConcatenation.scala:55)
	at com.daml.metrics.pekkohttp.HttpMetricsInterceptor$.$anonfun$rateDurationSizeMetrics$3(HttpMetricsInterceptor.scala:42)
	at com.daml.metrics.api.MetricHandle$Timer.timeFuture(MetricHandle.scala:103)
	at com.daml.metrics.api.MetricHandle$Timer.timeFuture$(MetricHandle.scala:99)
	at com.daml.metrics.api.opentelemetry.OpenTelemetryTimer.timeFuture(OpenTelemetryMetricsFactory.scala:162)
	at com.daml.metrics.pekkohttp.HttpMetricsInterceptor$.$anonfun$rateDurationSizeMetrics$2(HttpMetricsInterceptor.scala:42)
	at org.apache.pekko.http.scaladsl.server.RouteConcatenation$RouteWithConcatenation.$anonfun$$tilde$2(RouteConcatenation.scala:58)
	at org.apache.pekko.http.scaladsl.util.FastFuture$.flatMap$extension(FastFuture.scala:49)
	at org.apache.pekko.http.scaladsl.server.RouteConcatenation$RouteWithConcatenation.$anonfun$$tilde$1(RouteConcatenation.scala:55)
	at org.apache.pekko.http.scaladsl.server.RouteConcatenation$RouteWithConcatenation.$anonfun$$tilde$1(RouteConcatenation.scala:55)
	at org.apache.pekko.http.scaladsl.server.directives.BasicDirectives.$anonfun$mapRouteResultWith$2(BasicDirectives.scala:86)
	at org.apache.pekko.http.scaladsl.server.directives.BasicDirectives.$anonfun$textract$2(BasicDirectives.scala:173)
	at org.apache.pekko.http.scaladsl.server.directives.ExecutionDirectives.$anonfun$handleExceptions$2(ExecutionDirectives.scala:42)
	at org.apache.pekko.http.scaladsl.server.Route$.$anonfun$createAsyncHandler$1(Route.scala:127)
	at org.apache.pekko.stream.impl.fusing.MapAsyncUnordered$$anon$29.onPush(Ops.scala:1462)
	at org.apache.pekko.stream.impl.fusing.GraphInterpreter.processPush(GraphInterpreter.scala:556)
	at org.apache.pekko.stream.impl.fusing.GraphInterpreter.processEvent(GraphInterpreter.scala:507)
	at org.apache.pekko.stream.impl.fusing.GraphInterpreter.execute(GraphInterpreter.scala:401)
	at org.apache.pekko.stream.impl.fusing.GraphInterpreterShell.runBatch(ActorGraphInterpreter.scala:662)
	at org.apache.pekko.stream.impl.fusing.GraphInterpreterShell$AsyncInput.execute(ActorGraphInterpreter.scala:532)
	at org.apache.pekko.stream.impl.fusing.GraphInterpreterShell.processEvent(ActorGraphInterpreter.scala:637)
	at org.apache.pekko.stream.impl.fusing.ActorGraphInterpreter.org$apache$pekko$stream$impl$fusing$ActorGraphInterpreter$$processEvent(ActorGraphInterpreter.scala:813)
	at org.apache.pekko.stream.impl.fusing.ActorGraphInterpreter$$anonfun$receive$1.applyOrElse(ActorGraphInterpreter.scala:831)
	at org.apache.pekko.actor.Actor.aroundReceive(Actor.scala:547)
	at org.apache.pekko.actor.Actor.aroundReceive$(Actor.scala:545)
	at org.apache.pekko.stream.impl.fusing.ActorGraphInterpreter.aroundReceive(ActorGraphInterpreter.scala:729)
	at org.apache.pekko.actor.ActorCell.receiveMessage(ActorCell.scala:590)
	at org.apache.pekko.actor.ActorCell.invoke(ActorCell.scala:557)
	at org.apache.pekko.dispatch.Mailbox.processMailbox(Mailbox.scala:272)
	at org.apache.pekko.dispatch.Mailbox.run(Mailbox.scala:233)
	at org.apache.pekko.dispatch.Mailbox.exec(Mailbox.scala:245)
	at java.base/java.util.concurrent.ForkJoinTask.doExec(ForkJoinTask.java:387)
	at java.base/java.util.concurrent.ForkJoinPool$WorkQueue.topLevelExec(ForkJoinPool.java:1312)
	at java.base/java.util.concurrent.ForkJoinPool.scan(ForkJoinPool.java:1843)
	at java.base/java.util.concurrent.ForkJoinPool.runWorker(ForkJoinPool.java:1808)
	at java.base/java.util.concurrent.ForkJoinWorkerThread.run(ForkJoinWorkerThread.java:188)
2025-08-24 19:49:31.960 [http-json-ledger-api-pekko.actor.default-dispatcher-138] INFO  com.daml.http.Endpoints - Responding to client with HTTP 500 Internal Server Error, context: {instance_uuid: "784b88de-ea26-4b76-acb3-e0ab6ab147c1", request_id: "e066c5fa-d502-4f00-a59e-f3dfc1873727"} 
2025-08-24 20:28:26.955 [http-json-ledger-api-pekko.actor.default-dispatcher-143] INFO  com.daml.http.Endpoints - Incoming GET request on http://localhost:7575/v1/parties from 127.0.0.1:48926, context: {instance_uuid: "784b88de-ea26-4b76-acb3-e0ab6ab147c1", request_id: "575e7a74-5879-4e95-99c6-ab5842e210d9"} 
2025-08-24 20:28:26.955 [http-json-ledger-api-pekko.actor.default-dispatcher-143] WARN  com.daml.http.endpoints.RouteSetup - missing HTTPS reverse-proxy request headers; for development launch with --allow-insecure-tokens, context: {instance_uuid: "784b88de-ea26-4b76-acb3-e0ab6ab147c1", request_id: "575e7a74-5879-4e95-99c6-ab5842e210d9"} 
2025-08-24 20:28:27.011 [http-json-ledger-api-pekko.actor.default-dispatcher-143] INFO  com.daml.http.Endpoints - Responding to client with HTTP 500 Internal Server Error, context: {instance_uuid: "784b88de-ea26-4b76-acb3-e0ab6ab147c1", request_id: "575e7a74-5879-4e95-99c6-ab5842e210d9"} 
2025-08-24 20:44:35.792 [http-json-ledger-api-pekko.actor.default-dispatcher-157] INFO  com.daml.http.Endpoints - Incoming GET request on http://localhost:7575/v1/parties from 127.0.0.1:48896, context: {instance_uuid: "784b88de-ea26-4b76-acb3-e0ab6ab147c1", request_id: "ab851d67-0809-4692-964d-49ad29d2605e"} 
2025-08-24 20:44:35.792 [http-json-ledger-api-pekko.actor.default-dispatcher-157] WARN  com.daml.http.endpoints.RouteSetup - missing HTTPS reverse-proxy request headers; for development launch with --allow-insecure-tokens, context: {instance_uuid: "784b88de-ea26-4b76-acb3-e0ab6ab147c1", request_id: "ab851d67-0809-4692-964d-49ad29d2605e"} 
2025-08-24 20:44:35.809 [http-json-ledger-api-pekko.actor.default-dispatcher-157] INFO  com.daml.http.Endpoints - Responding to client with HTTP 500 Internal Server Error, context: {instance_uuid: "784b88de-ea26-4b76-acb3-e0ab6ab147c1", request_id: "ab851d67-0809-4692-964d-49ad29d2605e"} 
[WARN] [08/24/2025 21:02:21.555] [http-json-ledger-api-pekko.actor.default-dispatcher-163] [org.apache.pekko.actor.ActorSystemImpl(http-json-ledger-api)] Illegal header: Illegal 'accept-language' header: Invalid input 'U', expected WSP, CRLF, '-', weight, listSep or 'EOI' (line 1, column 4): en US,en;q=0.9,sv;q=0.8
   ^
